Started GET "/" for 127.0.0.1 at 2017-06-15 20:06:18 +0900
  
Mysql2::Error (Can't connect to local MySQL server through socket '/tmp/mysql.sock' (2)):
  
vendor/bundle/gems/mysql2-0.4.6/lib/mysql2/client.rb:89:in `connect'
vendor/bundle/gems/mysql2-0.4.6/lib/mysql2/client.rb:89:in `initialize'
vendor/bundle/gems/activerecord-5.0.3/lib/active_record/connection_adapters/mysql2_adapter.rb:25:in `new'
vendor/bundle/gems/activerecord-5.0.3/lib/active_record/connection_adapters/mysql2_adapter.rb:25:in `mysql2_connection'
vendor/bundle/gems/activerecord-5.0.3/lib/active_record/connection_adapters/abstract/connection_pool.rb:729:in `new_connection'
vendor/bundle/gems/activerecord-5.0.3/lib/active_record/connection_adapters/abstract/connection_pool.rb:773:in `checkout_new_connection'
vendor/bundle/gems/activerecord-5.0.3/lib/active_record/connection_adapters/abstract/connection_pool.rb:752:in `try_to_checkout_new_connection'
vendor/bundle/gems/activerecord-5.0.3/lib/active_record/connection_adapters/abstract/connection_pool.rb:713:in `acquire_connection'
vendor/bundle/gems/activerecord-5.0.3/lib/active_record/connection_adapters/abstract/connection_pool.rb:490:in `checkout'
vendor/bundle/gems/activerecord-5.0.3/lib/active_record/connection_adapters/abstract/connection_pool.rb:364:in `connection'
vendor/bundle/gems/activerecord-5.0.3/lib/active_record/connection_adapters/abstract/connection_pool.rb:883:in `retrieve_connection'
vendor/bundle/gems/activerecord-5.0.3/lib/active_record/connection_handling.rb:128:in `retrieve_connection'
vendor/bundle/gems/activerecord-5.0.3/lib/active_record/connection_handling.rb:91:in `connection'
vendor/bundle/gems/activerecord-5.0.3/lib/active_record/migration.rb:559:in `connection'
vendor/bundle/gems/activerecord-5.0.3/lib/active_record/migration.rb:546:in `call'
vendor/bundle/gems/actionpack-5.0.3/lib/action_dispatch/middleware/callbacks.rb:38:in `block in call'
vendor/bundle/gems/activesupport-5.0.3/lib/active_support/callbacks.rb:97:in `__run_callbacks__'
vendor/bundle/gems/activesupport-5.0.3/lib/active_support/callbacks.rb:750:in `_run_call_callbacks'
vendor/bundle/gems/activesupport-5.0.3/lib/active_support/callbacks.rb:90:in `run_callbacks'
vendor/bundle/gems/actionpack-5.0.3/lib/action_dispatch/middleware/callbacks.rb:36:in `call'
vendor/bundle/gems/actionpack-5.0.3/lib/action_dispatch/middleware/executor.rb:12:in `call'
vendor/bundle/gems/actionpack-5.0.3/lib/action_dispatch/middleware/remote_ip.rb:79:in `call'
vendor/bundle/gems/actionpack-5.0.3/lib/action_dispatch/middleware/debug_exceptions.rb:49:in `call'
vendor/bundle/gems/web-console-3.5.1/lib/web_console/middleware.rb:135:in `call_app'
vendor/bundle/gems/web-console-3.5.1/lib/web_console/middleware.rb:28:in `block in call'
vendor/bundle/gems/web-console-3.5.1/lib/web_console/middleware.rb:18:in `catch'
vendor/bundle/gems/web-console-3.5.1/lib/web_console/middleware.rb:18:in `call'
vendor/bundle/gems/actionpack-5.0.3/lib/action_dispatch/middleware/show_exceptions.rb:31:in `call'
vendor/bundle/gems/railties-5.0.3/lib/rails/rack/logger.rb:36:in `call_app'
vendor/bundle/gems/railties-5.0.3/lib/rails/rack/logger.rb:24:in `block in call'
vendor/bundle/gems/activesupport-5.0.3/lib/active_support/tagged_logging.rb:69:in `block in tagged'
vendor/bundle/gems/activesupport-5.0.3/lib/active_support/tagged_logging.rb:26:in `tagged'
vendor/bundle/gems/activesupport-5.0.3/lib/active_support/tagged_logging.rb:69:in `tagged'
vendor/bundle/gems/railties-5.0.3/lib/rails/rack/logger.rb:24:in `call'
vendor/bundle/gems/sprockets-rails-3.2.0/lib/sprockets/rails/quiet_assets.rb:13:in `call'
vendor/bundle/gems/actionpack-5.0.3/lib/action_dispatch/middleware/request_id.rb:24:in `call'
vendor/bundle/gems/rack-2.0.3/lib/rack/method_override.rb:22:in `call'
vendor/bundle/gems/rack-2.0.3/lib/rack/runtime.rb:22:in `call'
vendor/bundle/gems/activesupport-5.0.3/lib/active_support/cache/strategy/local_cache_middleware.rb:28:in `call'
vendor/bundle/gems/actionpack-5.0.3/lib/action_dispatch/middleware/executor.rb:12:in `call'
vendor/bundle/gems/actionpack-5.0.3/lib/action_dispatch/middleware/static.rb:136:in `call'
vendor/bundle/gems/rack-2.0.3/lib/rack/sendfile.rb:111:in `call'
vendor/bundle/gems/railties-5.0.3/lib/rails/engine.rb:522:in `call'
vendor/bundle/gems/puma-3.9.1/lib/puma/configuration.rb:224:in `call'
vendor/bundle/gems/puma-3.9.1/lib/puma/server.rb:602:in `handle_request'
vendor/bundle/gems/puma-3.9.1/lib/puma/server.rb:435:in `process_client'
vendor/bundle/gems/puma-3.9.1/lib/puma/server.rb:299:in `block in run'
vendor/bundle/gems/puma-3.9.1/lib/puma/thread_pool.rb:120:in `block in spawn_thread'
  Rendering vendor/bundle/gems/actionpack-5.0.3/lib/action_dispatch/middleware/templates/rescues/diagnostics.html.erb within rescues/layout
  Rendering vendor/bundle/gems/actionpack-5.0.3/lib/action_dispatch/middleware/templates/rescues/_source.html.erb
  Rendered vendor/bundle/gems/actionpack-5.0.3/lib/action_dispatch/middleware/templates/rescues/_source.html.erb (4.2ms)
  Rendering vendor/bundle/gems/actionpack-5.0.3/lib/action_dispatch/middleware/templates/rescues/_trace.html.erb
  Rendered vendor/bundle/gems/actionpack-5.0.3/lib/action_dispatch/middleware/templates/rescues/_trace.html.erb (2.4ms)
  Rendering vendor/bundle/gems/actionpack-5.0.3/lib/action_dispatch/middleware/templates/rescues/_request_and_response.html.erb
  Rendered vendor/bundle/gems/actionpack-5.0.3/lib/action_dispatch/middleware/templates/rescues/_request_and_response.html.erb (1.5ms)
  Rendered vendor/bundle/gems/actionpack-5.0.3/lib/action_dispatch/middleware/templates/rescues/diagnostics.html.erb within rescues/layout (125.2ms)
Started GET "/" for 127.0.0.1 at 2017-06-15 20:06:45 +0900
  
ActiveRecord::NoDatabaseError (Unknown database 'line_app_development'):
  
vendor/bundle/gems/activerecord-5.0.3/lib/active_record/connection_adapters/mysql2_adapter.rb:29:in `rescue in mysql2_connection'
vendor/bundle/gems/activerecord-5.0.3/lib/active_record/connection_adapters/mysql2_adapter.rb:12:in `mysql2_connection'
vendor/bundle/gems/activerecord-5.0.3/lib/active_record/connection_adapters/abstract/connection_pool.rb:729:in `new_connection'
vendor/bundle/gems/activerecord-5.0.3/lib/active_record/connection_adapters/abstract/connection_pool.rb:773:in `checkout_new_connection'
vendor/bundle/gems/activerecord-5.0.3/lib/active_record/connection_adapters/abstract/connection_pool.rb:752:in `try_to_checkout_new_connection'
vendor/bundle/gems/activerecord-5.0.3/lib/active_record/connection_adapters/abstract/connection_pool.rb:713:in `acquire_connection'
vendor/bundle/gems/activerecord-5.0.3/lib/active_record/connection_adapters/abstract/connection_pool.rb:490:in `checkout'
vendor/bundle/gems/activerecord-5.0.3/lib/active_record/connection_adapters/abstract/connection_pool.rb:364:in `connection'
vendor/bundle/gems/activerecord-5.0.3/lib/active_record/connection_adapters/abstract/connection_pool.rb:883:in `retrieve_connection'
vendor/bundle/gems/activerecord-5.0.3/lib/active_record/connection_handling.rb:128:in `retrieve_connection'
vendor/bundle/gems/activerecord-5.0.3/lib/active_record/connection_handling.rb:91:in `connection'
vendor/bundle/gems/activerecord-5.0.3/lib/active_record/migration.rb:559:in `connection'
vendor/bundle/gems/activerecord-5.0.3/lib/active_record/migration.rb:546:in `call'
vendor/bundle/gems/actionpack-5.0.3/lib/action_dispatch/middleware/callbacks.rb:38:in `block in call'
vendor/bundle/gems/activesupport-5.0.3/lib/active_support/callbacks.rb:97:in `__run_callbacks__'
vendor/bundle/gems/activesupport-5.0.3/lib/active_support/callbacks.rb:750:in `_run_call_callbacks'
vendor/bundle/gems/activesupport-5.0.3/lib/active_support/callbacks.rb:90:in `run_callbacks'
vendor/bundle/gems/actionpack-5.0.3/lib/action_dispatch/middleware/callbacks.rb:36:in `call'
vendor/bundle/gems/actionpack-5.0.3/lib/action_dispatch/middleware/executor.rb:12:in `call'
vendor/bundle/gems/actionpack-5.0.3/lib/action_dispatch/middleware/remote_ip.rb:79:in `call'
vendor/bundle/gems/actionpack-5.0.3/lib/action_dispatch/middleware/debug_exceptions.rb:49:in `call'
vendor/bundle/gems/web-console-3.5.1/lib/web_console/middleware.rb:135:in `call_app'
vendor/bundle/gems/web-console-3.5.1/lib/web_console/middleware.rb:28:in `block in call'
vendor/bundle/gems/web-console-3.5.1/lib/web_console/middleware.rb:18:in `catch'
vendor/bundle/gems/web-console-3.5.1/lib/web_console/middleware.rb:18:in `call'
vendor/bundle/gems/actionpack-5.0.3/lib/action_dispatch/middleware/show_exceptions.rb:31:in `call'
vendor/bundle/gems/railties-5.0.3/lib/rails/rack/logger.rb:36:in `call_app'
vendor/bundle/gems/railties-5.0.3/lib/rails/rack/logger.rb:24:in `block in call'
vendor/bundle/gems/activesupport-5.0.3/lib/active_support/tagged_logging.rb:69:in `block in tagged'
vendor/bundle/gems/activesupport-5.0.3/lib/active_support/tagged_logging.rb:26:in `tagged'
vendor/bundle/gems/activesupport-5.0.3/lib/active_support/tagged_logging.rb:69:in `tagged'
vendor/bundle/gems/railties-5.0.3/lib/rails/rack/logger.rb:24:in `call'
vendor/bundle/gems/sprockets-rails-3.2.0/lib/sprockets/rails/quiet_assets.rb:13:in `call'
vendor/bundle/gems/actionpack-5.0.3/lib/action_dispatch/middleware/request_id.rb:24:in `call'
vendor/bundle/gems/rack-2.0.3/lib/rack/method_override.rb:22:in `call'
vendor/bundle/gems/rack-2.0.3/lib/rack/runtime.rb:22:in `call'
vendor/bundle/gems/activesupport-5.0.3/lib/active_support/cache/strategy/local_cache_middleware.rb:28:in `call'
vendor/bundle/gems/actionpack-5.0.3/lib/action_dispatch/middleware/executor.rb:12:in `call'
vendor/bundle/gems/actionpack-5.0.3/lib/action_dispatch/middleware/static.rb:136:in `call'
vendor/bundle/gems/rack-2.0.3/lib/rack/sendfile.rb:111:in `call'
vendor/bundle/gems/railties-5.0.3/lib/rails/engine.rb:522:in `call'
vendor/bundle/gems/puma-3.9.1/lib/puma/configuration.rb:224:in `call'
vendor/bundle/gems/puma-3.9.1/lib/puma/server.rb:602:in `handle_request'
vendor/bundle/gems/puma-3.9.1/lib/puma/server.rb:435:in `process_client'
vendor/bundle/gems/puma-3.9.1/lib/puma/server.rb:299:in `block in run'
vendor/bundle/gems/puma-3.9.1/lib/puma/thread_pool.rb:120:in `block in spawn_thread'
  Rendering vendor/bundle/gems/actionpack-5.0.3/lib/action_dispatch/middleware/templates/rescues/diagnostics.html.erb within rescues/layout
  Rendering vendor/bundle/gems/actionpack-5.0.3/lib/action_dispatch/middleware/templates/rescues/_source.html.erb
  Rendered vendor/bundle/gems/actionpack-5.0.3/lib/action_dispatch/middleware/templates/rescues/_source.html.erb (5.4ms)
  Rendering vendor/bundle/gems/actionpack-5.0.3/lib/action_dispatch/middleware/templates/rescues/_trace.html.erb
  Rendered vendor/bundle/gems/actionpack-5.0.3/lib/action_dispatch/middleware/templates/rescues/_trace.html.erb (3.1ms)
  Rendering vendor/bundle/gems/actionpack-5.0.3/lib/action_dispatch/middleware/templates/rescues/_request_and_response.html.erb
  Rendered vendor/bundle/gems/actionpack-5.0.3/lib/action_dispatch/middleware/templates/rescues/_request_and_response.html.erb (1.5ms)
  Rendered vendor/bundle/gems/actionpack-5.0.3/lib/action_dispatch/middleware/templates/rescues/diagnostics.html.erb within rescues/layout (110.7ms)
  [1m[35m (12.9ms)[0m  [1m[35mCREATE TABLE `schema_migrations` (`version` varchar(255) PRIMARY KEY) ENGINE=InnoDB[0m
  [1m[35m (8.5ms)[0m  [1m[35mCREATE TABLE `ar_internal_metadata` (`key` varchar(255) PRIMARY KEY, `value` varchar(255), `created_at` datetime NOT NULL, `updated_at` datetime NOT NULL) ENGINE=InnoDB[0m
  [1m[35m (0.2ms)[0m  [1m[34mSELECT DATABASE() as db[0m
  [1m[35m (0.2ms)[0m  [1m[34mSELECT GET_LOCK('1923707612125643190', 0);[0m
  [1m[36mActiveRecord::SchemaMigration Load (7.1ms)[0m  [1m[34mSELECT `schema_migrations`.* FROM `schema_migrations`[0m
  [1m[36mActiveRecord::InternalMetadata Load (0.7ms)[0m  [1m[34mSELECT  `ar_internal_metadata`.* FROM `ar_internal_metadata` WHERE `ar_internal_metadata`.`key` = 'environment' LIMIT 1[0m
  [1m[35m (0.5ms)[0m  [1m[35mBEGIN[0m
  [1m[35mSQL (1.1ms)[0m  [1m[32mINSERT INTO `ar_internal_metadata` (`key`, `value`, `created_at`, `updated_at`) VALUES ('environment', 'development', '2017-06-15 11:07:10', '2017-06-15 11:07:10')[0m
  [1m[35m (0.4ms)[0m  [1m[35mCOMMIT[0m
  [1m[35m (0.2ms)[0m  [1m[34mSELECT RELEASE_LOCK('1923707612125643190')[0m
  [1m[36mActiveRecord::SchemaMigration Load (0.3ms)[0m  [1m[34mSELECT `schema_migrations`.* FROM `schema_migrations`[0m
Started GET "/" for 127.0.0.1 at 2017-06-15 20:07:20 +0900
Processing by MessagesController#show as HTML
  Rendering messages/show.html.erb within layouts/application
  Rendered messages/show.html.erb within layouts/application (2.5ms)
Completed 200 OK in 2580ms (Views: 2563.7ms | ActiveRecord: 0.0ms)


  [1m[35m (0.2ms)[0m  [1m[34mSELECT DATABASE() as db[0m
  [1m[35m (0.2ms)[0m  [1m[34mSELECT GET_LOCK('1923707612125643190', 0);[0m
  [1m[36mActiveRecord::SchemaMigration Load (0.5ms)[0m  [1m[34mSELECT `schema_migrations`.* FROM `schema_migrations`[0m
Migrating to CreateMessages (20170615110736)
  [1m[35m (11.3ms)[0m  [1m[35mCREATE TABLE `messages` (`id` int AUTO_INCREMENT PRIMARY KEY, `content` text, `created_at` datetime NOT NULL, `updated_at` datetime NOT NULL) ENGINE=InnoDB[0m
  [1m[35m (0.2ms)[0m  [1m[35mBEGIN[0m
  [1m[35mSQL (0.3ms)[0m  [1m[32mINSERT INTO `schema_migrations` (`version`) VALUES ('20170615110736')[0m
  [1m[35m (0.5ms)[0m  [1m[35mCOMMIT[0m
  [1m[36mActiveRecord::InternalMetadata Load (1.7ms)[0m  [1m[34mSELECT  `ar_internal_metadata`.* FROM `ar_internal_metadata` WHERE `ar_internal_metadata`.`key` = 'environment' LIMIT 1[0m
  [1m[35m (0.2ms)[0m  [1m[35mBEGIN[0m
  [1m[35m (0.3ms)[0m  [1m[35mCOMMIT[0m
  [1m[35m (0.3ms)[0m  [1m[34mSELECT RELEASE_LOCK('1923707612125643190')[0m
  [1m[36mActiveRecord::SchemaMigration Load (0.7ms)[0m  [1m[34mSELECT `schema_migrations`.* FROM `schema_migrations`[0m
  [1m[35m (1.2ms)[0m  [1m[35mSHOW CREATE TABLE `messages`[0m
  [1m[35m (0.5ms)[0m  [1m[35mSHOW TABLE STATUS LIKE 'messages'[0m
Started GET "/" for 127.0.0.1 at 2017-06-15 20:08:42 +0900
  [1m[36mActiveRecord::SchemaMigration Load (0.4ms)[0m  [1m[34mSELECT `schema_migrations`.* FROM `schema_migrations`[0m
Processing by MessagesController#show as HTML
  Rendering messages/show.html.erb within layouts/application
  [1m[36mMessage Load (0.5ms)[0m  [1m[34mSELECT `messages`.* FROM `messages`[0m
  Rendered messages/show.html.erb within layouts/application (162.0ms)
Completed 500 Internal Server Error in 200ms (ActiveRecord: 1.0ms)


  
ActionView::Template::Error (undefined local variable or method `message' for #<#<Class:0x007fc12c552e50>:0x007fc12c9f5070>):
    2: <p>Find me in app/views/messages/show.html.erb</p>
    3: 
    4: <div class="message">
    5:   <p><%= message.content %></p>
    6: </div>
  
app/views/messages/show.html.erb:5:in `_app_views_messages_show_html_erb___2794176363616096212_70233824599660'
  Rendering vendor/bundle/gems/actionpack-5.0.3/lib/action_dispatch/middleware/templates/rescues/template_error.html.erb within rescues/layout
  Rendering vendor/bundle/gems/actionpack-5.0.3/lib/action_dispatch/middleware/templates/rescues/_source.html.erb
  Rendered vendor/bundle/gems/actionpack-5.0.3/lib/action_dispatch/middleware/templates/rescues/_source.html.erb (5.7ms)
  Rendering vendor/bundle/gems/actionpack-5.0.3/lib/action_dispatch/middleware/templates/rescues/_trace.html.erb
  Rendered vendor/bundle/gems/actionpack-5.0.3/lib/action_dispatch/middleware/templates/rescues/_trace.html.erb (2.6ms)
  Rendering vendor/bundle/gems/actionpack-5.0.3/lib/action_dispatch/middleware/templates/rescues/_request_and_response.html.erb
  Rendered vendor/bundle/gems/actionpack-5.0.3/lib/action_dispatch/middleware/templates/rescues/_request_and_response.html.erb (1.3ms)
  Rendered vendor/bundle/gems/actionpack-5.0.3/lib/action_dispatch/middleware/templates/rescues/template_error.html.erb within rescues/layout (116.8ms)
Started GET "/" for 127.0.0.1 at 2017-06-15 20:09:06 +0900
Processing by MessagesController#show as HTML
  Rendering messages/show.html.erb within layouts/application
  Rendered messages/show.html.erb within layouts/application (2.9ms)
Completed 500 Internal Server Error in 11ms (ActiveRecord: 0.0ms)


  
ActionView::Template::Error (undefined method `content' for nil:NilClass):
    2: <p>Find me in app/views/messages/show.html.erb</p>
    3: 
    4: <div class="message">
    5:   <p><%= @message.content %></p>
    6: </div>
  
app/views/messages/show.html.erb:5:in `_app_views_messages_show_html_erb___2794176363616096212_70233824681720'
  Rendering vendor/bundle/gems/actionpack-5.0.3/lib/action_dispatch/middleware/templates/rescues/template_error.html.erb within rescues/layout
  Rendering vendor/bundle/gems/actionpack-5.0.3/lib/action_dispatch/middleware/templates/rescues/_source.html.erb
  Rendered vendor/bundle/gems/actionpack-5.0.3/lib/action_dispatch/middleware/templates/rescues/_source.html.erb (8.1ms)
  Rendering vendor/bundle/gems/actionpack-5.0.3/lib/action_dispatch/middleware/templates/rescues/_trace.html.erb
  Rendered vendor/bundle/gems/actionpack-5.0.3/lib/action_dispatch/middleware/templates/rescues/_trace.html.erb (2.5ms)
  Rendering vendor/bundle/gems/actionpack-5.0.3/lib/action_dispatch/middleware/templates/rescues/_request_and_response.html.erb
  Rendered vendor/bundle/gems/actionpack-5.0.3/lib/action_dispatch/middleware/templates/rescues/_request_and_response.html.erb (1.4ms)
  Rendered vendor/bundle/gems/actionpack-5.0.3/lib/action_dispatch/middleware/templates/rescues/template_error.html.erb within rescues/layout (107.7ms)
Started GET "/" for 127.0.0.1 at 2017-06-15 20:09:16 +0900
Processing by MessagesController#show as HTML
  Rendering messages/show.html.erb within layouts/application
  Rendered messages/show.html.erb within layouts/application (2.8ms)
Completed 500 Internal Server Error in 10ms (ActiveRecord: 0.0ms)


  
ActionView::Template::Error (undefined method `text' for nil:NilClass):
    2: <p>Find me in app/views/messages/show.html.erb</p>
    3: 
    4: <div class="message">
    5:   <p><%= @message.text %></p>
    6: </div>
  
app/views/messages/show.html.erb:5:in `_app_views_messages_show_html_erb___2794176363616096212_70233827337200'
  Rendering vendor/bundle/gems/actionpack-5.0.3/lib/action_dispatch/middleware/templates/rescues/template_error.html.erb within rescues/layout
  Rendering vendor/bundle/gems/actionpack-5.0.3/lib/action_dispatch/middleware/templates/rescues/_source.html.erb
  Rendered vendor/bundle/gems/actionpack-5.0.3/lib/action_dispatch/middleware/templates/rescues/_source.html.erb (6.8ms)
  Rendering vendor/bundle/gems/actionpack-5.0.3/lib/action_dispatch/middleware/templates/rescues/_trace.html.erb
  Rendered vendor/bundle/gems/actionpack-5.0.3/lib/action_dispatch/middleware/templates/rescues/_trace.html.erb (2.0ms)
  Rendering vendor/bundle/gems/actionpack-5.0.3/lib/action_dispatch/middleware/templates/rescues/_request_and_response.html.erb
  Rendered vendor/bundle/gems/actionpack-5.0.3/lib/action_dispatch/middleware/templates/rescues/_request_and_response.html.erb (1.1ms)
  Rendered vendor/bundle/gems/actionpack-5.0.3/lib/action_dispatch/middleware/templates/rescues/template_error.html.erb within rescues/layout (100.1ms)
Started GET "/" for 127.0.0.1 at 2017-06-15 20:09:42 +0900
Processing by MessagesController#show as HTML
  Rendering messages/show.html.erb within layouts/application
  Rendered messages/show.html.erb within layouts/application (2.8ms)
Completed 500 Internal Server Error in 10ms (ActiveRecord: 0.0ms)


  
ActionView::Template::Error (undefined method `content' for nil:NilClass):
    2: <p>Find me in app/views/messages/show.html.erb</p>
    3: 
    4: <div class="message">
    5:   <p><%= @message.content %></p>
    6: </div>
  
app/views/messages/show.html.erb:5:in `_app_views_messages_show_html_erb___2794176363616096212_70233825119700'
  Rendering vendor/bundle/gems/actionpack-5.0.3/lib/action_dispatch/middleware/templates/rescues/template_error.html.erb within rescues/layout
  Rendering vendor/bundle/gems/actionpack-5.0.3/lib/action_dispatch/middleware/templates/rescues/_source.html.erb
  Rendered vendor/bundle/gems/actionpack-5.0.3/lib/action_dispatch/middleware/templates/rescues/_source.html.erb (4.6ms)
  Rendering vendor/bundle/gems/actionpack-5.0.3/lib/action_dispatch/middleware/templates/rescues/_trace.html.erb
  Rendered vendor/bundle/gems/actionpack-5.0.3/lib/action_dispatch/middleware/templates/rescues/_trace.html.erb (2.6ms)
  Rendering vendor/bundle/gems/actionpack-5.0.3/lib/action_dispatch/middleware/templates/rescues/_request_and_response.html.erb
  Rendered vendor/bundle/gems/actionpack-5.0.3/lib/action_dispatch/middleware/templates/rescues/_request_and_response.html.erb (1.0ms)
  Rendered vendor/bundle/gems/actionpack-5.0.3/lib/action_dispatch/middleware/templates/rescues/template_error.html.erb within rescues/layout (96.1ms)
Started GET "/" for 127.0.0.1 at 2017-06-15 20:09:44 +0900
Processing by MessagesController#show as HTML
  Rendering messages/show.html.erb within layouts/application
  Rendered messages/show.html.erb within layouts/application (2.5ms)
Completed 500 Internal Server Error in 9ms (ActiveRecord: 0.0ms)


  
ActionView::Template::Error (undefined method `content' for nil:NilClass):
    2: <p>Find me in app/views/messages/show.html.erb</p>
    3: 
    4: <div class="message">
    5:   <p><%= @message.content %></p>
    6: </div>
  
app/views/messages/show.html.erb:5:in `_app_views_messages_show_html_erb___2794176363616096212_70233820847400'
  Rendering vendor/bundle/gems/actionpack-5.0.3/lib/action_dispatch/middleware/templates/rescues/template_error.html.erb within rescues/layout
  Rendering vendor/bundle/gems/actionpack-5.0.3/lib/action_dispatch/middleware/templates/rescues/_source.html.erb
Started GET "/" for 127.0.0.1 at 2017-06-15 20:09:44 +0900
  Rendered vendor/bundle/gems/actionpack-5.0.3/lib/action_dispatch/middleware/templates/rescues/_source.html.erb (5.1ms)
  Rendering vendor/bundle/gems/actionpack-5.0.3/lib/action_dispatch/middleware/templates/rescues/_trace.html.erb
  Rendered vendor/bundle/gems/actionpack-5.0.3/lib/action_dispatch/middleware/templates/rescues/_trace.html.erb (2.7ms)
Processing by MessagesController#show as HTML
  Rendering vendor/bundle/gems/actionpack-5.0.3/lib/action_dispatch/middleware/templates/rescues/_request_and_response.html.erb
  Rendering messages/show.html.erb within layouts/application
  Rendered vendor/bundle/gems/actionpack-5.0.3/lib/action_dispatch/middleware/templates/rescues/_request_and_response.html.erb (1.1ms)
  Rendered vendor/bundle/gems/actionpack-5.0.3/lib/action_dispatch/middleware/templates/rescues/template_error.html.erb within rescues/layout (118.6ms)
  Rendered messages/show.html.erb within layouts/application (3.4ms)
Completed 500 Internal Server Error in 38ms (ActiveRecord: 0.0ms)


  
ActionView::Template::Error (undefined method `content' for nil:NilClass):
    2: <p>Find me in app/views/messages/show.html.erb</p>
    3: 
    4: <div class="message">
    5:   <p><%= @message.content %></p>
    6: </div>
  
app/views/messages/show.html.erb:5:in `_app_views_messages_show_html_erb___2794176363616096212_70233827723060'
  Rendering vendor/bundle/gems/actionpack-5.0.3/lib/action_dispatch/middleware/templates/rescues/template_error.html.erb within rescues/layout
  Rendering vendor/bundle/gems/actionpack-5.0.3/lib/action_dispatch/middleware/templates/rescues/_source.html.erb
  Rendered vendor/bundle/gems/actionpack-5.0.3/lib/action_dispatch/middleware/templates/rescues/_source.html.erb (6.2ms)
  Rendering vendor/bundle/gems/actionpack-5.0.3/lib/action_dispatch/middleware/templates/rescues/_trace.html.erb
  Rendered vendor/bundle/gems/actionpack-5.0.3/lib/action_dispatch/middleware/templates/rescues/_trace.html.erb (3.3ms)
  Rendering vendor/bundle/gems/actionpack-5.0.3/lib/action_dispatch/middleware/templates/rescues/_request_and_response.html.erb
  Rendered vendor/bundle/gems/actionpack-5.0.3/lib/action_dispatch/middleware/templates/rescues/_request_and_response.html.erb (2.1ms)
  Rendered vendor/bundle/gems/actionpack-5.0.3/lib/action_dispatch/middleware/templates/rescues/template_error.html.erb within rescues/layout (119.2ms)
Started GET "/" for 127.0.0.1 at 2017-06-15 20:09:57 +0900
Processing by MessagesController#show as HTML
  Rendering messages/show.html.erb within layouts/application
  [1m[36mMessage Load (0.5ms)[0m  [1m[34mSELECT `messages`.* FROM `messages`[0m
  Rendered messages/show.html.erb within layouts/application (5.1ms)
Completed 500 Internal Server Error in 12ms (ActiveRecord: 0.5ms)


  
ActionView::Template::Error (undefined method `content' for #<ActiveRecord::Relation []>):
    2: <p>Find me in app/views/messages/show.html.erb</p>
    3: 
    4: <div class="message">
    5:   <p><%= @messages.content %></p>
    6: </div>
  
app/views/messages/show.html.erb:5:in `_app_views_messages_show_html_erb___2794176363616096212_70233825671540'
  Rendering vendor/bundle/gems/actionpack-5.0.3/lib/action_dispatch/middleware/templates/rescues/template_error.html.erb within rescues/layout
  Rendering vendor/bundle/gems/actionpack-5.0.3/lib/action_dispatch/middleware/templates/rescues/_source.html.erb
  Rendered vendor/bundle/gems/actionpack-5.0.3/lib/action_dispatch/middleware/templates/rescues/_source.html.erb (5.2ms)
  Rendering vendor/bundle/gems/actionpack-5.0.3/lib/action_dispatch/middleware/templates/rescues/_trace.html.erb
  Rendered vendor/bundle/gems/actionpack-5.0.3/lib/action_dispatch/middleware/templates/rescues/_trace.html.erb (2.5ms)
  Rendering vendor/bundle/gems/actionpack-5.0.3/lib/action_dispatch/middleware/templates/rescues/_request_and_response.html.erb
  Rendered vendor/bundle/gems/actionpack-5.0.3/lib/action_dispatch/middleware/templates/rescues/_request_and_response.html.erb (1.3ms)
  Rendered vendor/bundle/gems/actionpack-5.0.3/lib/action_dispatch/middleware/templates/rescues/template_error.html.erb within rescues/layout (95.8ms)
  [1m[35m (0.2ms)[0m  [1m[35mBEGIN[0m
  [1m[35mSQL (0.4ms)[0m  [1m[32mINSERT INTO `messages` (`content`, `created_at`, `updated_at`) VALUES ('Hello world!', '2017-06-15 11:10:30', '2017-06-15 11:10:30')[0m
  [1m[35m (0.7ms)[0m  [1m[35mCOMMIT[0m
Started GET "/" for 127.0.0.1 at 2017-06-15 20:10:53 +0900
  [1m[36mActiveRecord::SchemaMigration Load (0.4ms)[0m  [1m[34mSELECT `schema_migrations`.* FROM `schema_migrations`[0m
Processing by MessagesController#show as HTML
  Rendering messages/show.html.erb within layouts/application
  Rendered messages/show.html.erb within layouts/application (3.1ms)
Completed 200 OK in 382ms (Views: 356.6ms | ActiveRecord: 0.0ms)


  [1m[36mMessage Load (0.5ms)[0m  [1m[34mSELECT `messages`.* FROM `messages`[0m
Started GET "/" for 127.0.0.1 at 2017-06-15 20:11:26 +0900
Processing by MessagesController#show as HTML
  Rendering messages/show.html.erb within layouts/application
  [1m[36mMessage Load (0.5ms)[0m  [1m[34mSELECT `messages`.* FROM `messages`[0m
  Rendered messages/show.html.erb within layouts/application (18.3ms)
Completed 500 Internal Server Error in 27ms (ActiveRecord: 3.1ms)


  
ActionView::Template::Error (undefined method `content' for #<Message::ActiveRecord_Relation:0x007f80fa81f970>):
    2: <p>Find me in app/views/messages/show.html.erb</p>
    3: 
    4: <div class="message">
    5:   <p><%= @messages.content %></p>
    6: </div>
  
app/views/messages/show.html.erb:5:in `_app_views_messages_show_html_erb___771904617512525027_70095967779960'
  Rendering vendor/bundle/gems/actionpack-5.0.3/lib/action_dispatch/middleware/templates/rescues/template_error.html.erb within rescues/layout
  Rendering vendor/bundle/gems/actionpack-5.0.3/lib/action_dispatch/middleware/templates/rescues/_source.html.erb
  Rendered vendor/bundle/gems/actionpack-5.0.3/lib/action_dispatch/middleware/templates/rescues/_source.html.erb (9.0ms)
  Rendering vendor/bundle/gems/actionpack-5.0.3/lib/action_dispatch/middleware/templates/rescues/_trace.html.erb
  Rendered vendor/bundle/gems/actionpack-5.0.3/lib/action_dispatch/middleware/templates/rescues/_trace.html.erb (4.4ms)
  Rendering vendor/bundle/gems/actionpack-5.0.3/lib/action_dispatch/middleware/templates/rescues/_request_and_response.html.erb
  Rendered vendor/bundle/gems/actionpack-5.0.3/lib/action_dispatch/middleware/templates/rescues/_request_and_response.html.erb (1.8ms)
  Rendered vendor/bundle/gems/actionpack-5.0.3/lib/action_dispatch/middleware/templates/rescues/template_error.html.erb within rescues/layout (113.7ms)
Started GET "/" for 127.0.0.1 at 2017-06-15 20:11:50 +0900
Processing by MessagesController#show as HTML
  Rendering messages/show.html.erb within layouts/application
  [1m[36mMessage Load (0.3ms)[0m  [1m[34mSELECT `messages`.* FROM `messages`[0m
  Rendered messages/show.html.erb within layouts/application (4.3ms)
Completed 500 Internal Server Error in 13ms (ActiveRecord: 0.3ms)


  
ActionView::Template::Error (undefined method `content' for #<Message::ActiveRecord_Relation:0x007f80ff2abe30>):
    2: <p>Find me in app/views/messages/show.html.erb</p>
    3: 
    4: <div class="message">
    5:   <p><%= render @messages.content %></p>
    6: </div>
  
app/views/messages/show.html.erb:5:in `_app_views_messages_show_html_erb___771904617512525027_70096006763920'
  Rendering vendor/bundle/gems/actionpack-5.0.3/lib/action_dispatch/middleware/templates/rescues/template_error.html.erb within rescues/layout
  Rendering vendor/bundle/gems/actionpack-5.0.3/lib/action_dispatch/middleware/templates/rescues/_source.html.erb
  Rendered vendor/bundle/gems/actionpack-5.0.3/lib/action_dispatch/middleware/templates/rescues/_source.html.erb (5.2ms)
  Rendering vendor/bundle/gems/actionpack-5.0.3/lib/action_dispatch/middleware/templates/rescues/_trace.html.erb
  Rendered vendor/bundle/gems/actionpack-5.0.3/lib/action_dispatch/middleware/templates/rescues/_trace.html.erb (2.5ms)
  Rendering vendor/bundle/gems/actionpack-5.0.3/lib/action_dispatch/middleware/templates/rescues/_request_and_response.html.erb
  Rendered vendor/bundle/gems/actionpack-5.0.3/lib/action_dispatch/middleware/templates/rescues/_request_and_response.html.erb (1.0ms)
  Rendered vendor/bundle/gems/actionpack-5.0.3/lib/action_dispatch/middleware/templates/rescues/template_error.html.erb within rescues/layout (94.1ms)
Started GET "/" for 127.0.0.1 at 2017-06-15 20:12:16 +0900
Processing by MessagesController#show as HTML
  Rendering messages/show.html.erb within layouts/application
  Rendered messages/show.html.erb within layouts/application (0.7ms)
Completed 200 OK in 40ms (Views: 38.2ms | ActiveRecord: 0.0ms)


Started GET "/" for 127.0.0.1 at 2017-06-15 20:12:27 +0900
Processing by MessagesController#show as HTML
  Rendering messages/show.html.erb within layouts/application
  [1m[36mMessage Load (0.3ms)[0m  [1m[34mSELECT `messages`.* FROM `messages`[0m
  Rendered messages/show.html.erb within layouts/application (4.0ms)
Completed 500 Internal Server Error in 11ms (ActiveRecord: 0.3ms)


  
ActionView::Template::Error (undefined method `id' for #<Message::ActiveRecord_Relation:0x007f80fd4e2430>):
    2: <p>Find me in app/views/messages/show.html.erb</p>
    3: 
    4: <div class="message">
    5:   <p><%=  @messages.id %></p>
    6: </div>
  
app/views/messages/show.html.erb:5:in `_app_views_messages_show_html_erb___771904617512525027_70095991146600'
  Rendering vendor/bundle/gems/actionpack-5.0.3/lib/action_dispatch/middleware/templates/rescues/template_error.html.erb within rescues/layout
  Rendering vendor/bundle/gems/actionpack-5.0.3/lib/action_dispatch/middleware/templates/rescues/_source.html.erb
  Rendered vendor/bundle/gems/actionpack-5.0.3/lib/action_dispatch/middleware/templates/rescues/_source.html.erb (5.7ms)
  Rendering vendor/bundle/gems/actionpack-5.0.3/lib/action_dispatch/middleware/templates/rescues/_trace.html.erb
  Rendered vendor/bundle/gems/actionpack-5.0.3/lib/action_dispatch/middleware/templates/rescues/_trace.html.erb (3.7ms)
  Rendering vendor/bundle/gems/actionpack-5.0.3/lib/action_dispatch/middleware/templates/rescues/_request_and_response.html.erb
  Rendered vendor/bundle/gems/actionpack-5.0.3/lib/action_dispatch/middleware/templates/rescues/_request_and_response.html.erb (1.2ms)
  Rendered vendor/bundle/gems/actionpack-5.0.3/lib/action_dispatch/middleware/templates/rescues/template_error.html.erb within rescues/layout (96.5ms)
Started GET "/" for 127.0.0.1 at 2017-06-15 20:13:23 +0900
Processing by MessagesController#show as HTML
  Rendering messages/show.html.erb within layouts/application
  Rendered messages/show.html.erb within layouts/application (1.7ms)
Completed 200 OK in 45ms (Views: 37.0ms | ActiveRecord: 0.0ms)


  [1m[36mMessage Load (0.4ms)[0m  [1m[34mSELECT `messages`.* FROM `messages`[0m
  [1m[36mMessage Load (0.8ms)[0m  [1m[34mSELECT `messages`.* FROM `messages`[0m
Started GET "/" for 127.0.0.1 at 2017-06-15 20:17:50 +0900
Processing by MessagesController#show as HTML
  Rendering messages/show.html.erb within layouts/application
  [1m[36mMessage Load (0.3ms)[0m  [1m[34mSELECT `messages`.* FROM `messages`[0m
  Rendered messages/show.html.erb within layouts/application (8.8ms)
Completed 200 OK in 47ms (Views: 42.2ms | ActiveRecord: 2.1ms)


Started GET "/" for 127.0.0.1 at 2017-06-15 20:17:51 +0900
Processing by MessagesController#show as HTML
  Rendering messages/show.html.erb within layouts/application
  [1m[36mMessage Load (0.4ms)[0m  [1m[34mSELECT `messages`.* FROM `messages`[0m
  Rendered messages/show.html.erb within layouts/application (1.6ms)
Completed 200 OK in 32ms (Views: 29.6ms | ActiveRecord: 0.4ms)


Started GET "/" for 127.0.0.1 at 2017-06-15 20:17:52 +0900
Processing by MessagesController#show as HTML
  Rendering messages/show.html.erb within layouts/application
  [1m[36mMessage Load (0.3ms)[0m  [1m[34mSELECT `messages`.* FROM `messages`[0m
  Rendered messages/show.html.erb within layouts/application (1.7ms)
Completed 200 OK in 33ms (Views: 30.4ms | ActiveRecord: 0.3ms)


Started GET "/" for 127.0.0.1 at 2017-06-15 20:17:52 +0900
Processing by MessagesController#show as HTML
  Rendering messages/show.html.erb within layouts/application
  [1m[36mMessage Load (0.4ms)[0m  [1m[34mSELECT `messages`.* FROM `messages`[0m
  Rendered messages/show.html.erb within layouts/application (2.4ms)
Completed 200 OK in 41ms (Views: 38.1ms | ActiveRecord: 0.4ms)


Started GET "/" for 127.0.0.1 at 2017-06-15 20:21:15 +0900
  [1m[36mActiveRecord::SchemaMigration Load (0.5ms)[0m  [1m[34mSELECT `schema_migrations`.* FROM `schema_migrations`[0m
Processing by MessagesController#show as HTML
  Rendering messages/show.html.erb within layouts/application
  [1m[36mMessage Load (0.4ms)[0m  [1m[34mSELECT `messages`.* FROM `messages`[0m
  Rendered messages/show.html.erb within layouts/application (12.9ms)
Completed 200 OK in 507ms (Views: 479.9ms | ActiveRecord: 1.9ms)


Started GET "/sinin" for 127.0.0.1 at 2017-06-15 20:21:21 +0900
  
ActionController::RoutingError (No route matches [GET] "/sinin"):
  
vendor/bundle/gems/actionpack-5.0.3/lib/action_dispatch/middleware/debug_exceptions.rb:53:in `call'
vendor/bundle/gems/web-console-3.5.1/lib/web_console/middleware.rb:135:in `call_app'
vendor/bundle/gems/web-console-3.5.1/lib/web_console/middleware.rb:28:in `block in call'
vendor/bundle/gems/web-console-3.5.1/lib/web_console/middleware.rb:18:in `catch'
vendor/bundle/gems/web-console-3.5.1/lib/web_console/middleware.rb:18:in `call'
vendor/bundle/gems/actionpack-5.0.3/lib/action_dispatch/middleware/show_exceptions.rb:31:in `call'
vendor/bundle/gems/railties-5.0.3/lib/rails/rack/logger.rb:36:in `call_app'
vendor/bundle/gems/railties-5.0.3/lib/rails/rack/logger.rb:24:in `block in call'
vendor/bundle/gems/activesupport-5.0.3/lib/active_support/tagged_logging.rb:69:in `block in tagged'
vendor/bundle/gems/activesupport-5.0.3/lib/active_support/tagged_logging.rb:26:in `tagged'
vendor/bundle/gems/activesupport-5.0.3/lib/active_support/tagged_logging.rb:69:in `tagged'
vendor/bundle/gems/railties-5.0.3/lib/rails/rack/logger.rb:24:in `call'
vendor/bundle/gems/sprockets-rails-3.2.0/lib/sprockets/rails/quiet_assets.rb:13:in `call'
vendor/bundle/gems/actionpack-5.0.3/lib/action_dispatch/middleware/request_id.rb:24:in `call'
vendor/bundle/gems/rack-2.0.3/lib/rack/method_override.rb:22:in `call'
vendor/bundle/gems/rack-2.0.3/lib/rack/runtime.rb:22:in `call'
vendor/bundle/gems/activesupport-5.0.3/lib/active_support/cache/strategy/local_cache_middleware.rb:28:in `call'
vendor/bundle/gems/actionpack-5.0.3/lib/action_dispatch/middleware/executor.rb:12:in `call'
vendor/bundle/gems/actionpack-5.0.3/lib/action_dispatch/middleware/static.rb:136:in `call'
vendor/bundle/gems/rack-2.0.3/lib/rack/sendfile.rb:111:in `call'
vendor/bundle/gems/railties-5.0.3/lib/rails/engine.rb:522:in `call'
vendor/bundle/gems/puma-3.9.1/lib/puma/configuration.rb:224:in `call'
vendor/bundle/gems/puma-3.9.1/lib/puma/server.rb:602:in `handle_request'
vendor/bundle/gems/puma-3.9.1/lib/puma/server.rb:435:in `process_client'
vendor/bundle/gems/puma-3.9.1/lib/puma/server.rb:299:in `block in run'
vendor/bundle/gems/puma-3.9.1/lib/puma/thread_pool.rb:120:in `block in spawn_thread'
  Rendering vendor/bundle/gems/actionpack-5.0.3/lib/action_dispatch/middleware/templates/rescues/routing_error.html.erb within rescues/layout
  Rendering vendor/bundle/gems/actionpack-5.0.3/lib/action_dispatch/middleware/templates/rescues/_trace.html.erb
  Rendered vendor/bundle/gems/actionpack-5.0.3/lib/action_dispatch/middleware/templates/rescues/_trace.html.erb (1.7ms)
  Rendered collection of vendor/bundle/gems/actionpack-5.0.3/lib/action_dispatch/middleware/templates/routes/_route.html.erb [1 times] (12.4ms)
  Rendered vendor/bundle/gems/actionpack-5.0.3/lib/action_dispatch/middleware/templates/routes/_table.html.erb (14.1ms)
  Rendering vendor/bundle/gems/actionpack-5.0.3/lib/action_dispatch/middleware/templates/rescues/_request_and_response.html.erb
  Rendered vendor/bundle/gems/actionpack-5.0.3/lib/action_dispatch/middleware/templates/rescues/_request_and_response.html.erb (4.4ms)
  Rendered vendor/bundle/gems/actionpack-5.0.3/lib/action_dispatch/middleware/templates/rescues/routing_error.html.erb within rescues/layout (181.4ms)
  [1m[35m (0.2ms)[0m  [1m[34mSELECT DATABASE() as db[0m
  [1m[35m (0.2ms)[0m  [1m[34mSELECT GET_LOCK('1923707612125643190', 0);[0m
  [1m[36mActiveRecord::SchemaMigration Load (0.7ms)[0m  [1m[34mSELECT `schema_migrations`.* FROM `schema_migrations`[0m
Migrating to DeviseCreateUsers (20170615112323)
  [1m[35m (16.2ms)[0m  [1m[35mCREATE TABLE `users` (`id` int AUTO_INCREMENT PRIMARY KEY, `email` varchar(255) DEFAULT '' NOT NULL, `encrypted_password` varchar(255) DEFAULT '' NOT NULL, `reset_password_token` varchar(255), `reset_password_sent_at` datetime, `remember_created_at` datetime, `sign_in_count` int DEFAULT 0 NOT NULL, `current_sign_in_at` datetime, `last_sign_in_at` datetime, `current_sign_in_ip` varchar(255), `last_sign_in_ip` varchar(255), `confirmation_token` varchar(255), `confirmed_at` datetime, `confirmation_sent_at` datetime, `unconfirmed_email` varchar(255), `created_at` datetime NOT NULL, `updated_at` datetime NOT NULL) ENGINE=InnoDB[0m
  [1m[35m (18.8ms)[0m  [1m[35mCREATE UNIQUE INDEX `index_users_on_email`  ON `users` (`email`) [0m
  [1m[35m (8.6ms)[0m  [1m[35mCREATE UNIQUE INDEX `index_users_on_reset_password_token`  ON `users` (`reset_password_token`) [0m
  [1m[35m (0.4ms)[0m  [1m[35mBEGIN[0m
  [1m[35mSQL (0.4ms)[0m  [1m[32mINSERT INTO `schema_migrations` (`version`) VALUES ('20170615112323')[0m
  [1m[35m (0.7ms)[0m  [1m[35mCOMMIT[0m
  [1m[36mActiveRecord::InternalMetadata Load (0.5ms)[0m  [1m[34mSELECT  `ar_internal_metadata`.* FROM `ar_internal_metadata` WHERE `ar_internal_metadata`.`key` = 'environment' LIMIT 1[0m
  [1m[35m (0.2ms)[0m  [1m[35mBEGIN[0m
  [1m[35m (0.6ms)[0m  [1m[35mCOMMIT[0m
  [1m[35m (0.3ms)[0m  [1m[34mSELECT RELEASE_LOCK('1923707612125643190')[0m
  [1m[36mActiveRecord::SchemaMigration Load (0.3ms)[0m  [1m[34mSELECT `schema_migrations`.* FROM `schema_migrations`[0m
  [1m[35m (0.2ms)[0m  [1m[35mSHOW CREATE TABLE `messages`[0m
  [1m[35m (4.8ms)[0m  [1m[35mSHOW TABLE STATUS LIKE 'messages'[0m
  [1m[35m (0.3ms)[0m  [1m[35mSHOW CREATE TABLE `users`[0m
  [1m[35m (0.4ms)[0m  [1m[35mSHOW TABLE STATUS LIKE 'users'[0m
Started GET "/" for 127.0.0.1 at 2017-06-15 20:26:26 +0900
  [1m[36mActiveRecord::SchemaMigration Load (0.6ms)[0m  [1m[34mSELECT `schema_migrations`.* FROM `schema_migrations`[0m
Processing by MessagesController#show as HTML
  Rendering messages/show.html.erb within layouts/application
  [1m[36mMessage Load (0.5ms)[0m  [1m[34mSELECT `messages`.* FROM `messages`[0m
  Rendered messages/show.html.erb within layouts/application (14.6ms)
Completed 200 OK in 495ms (Views: 465.7ms | ActiveRecord: 2.1ms)


Started GET "/users/sign_up" for 127.0.0.1 at 2017-06-15 20:26:29 +0900
Processing by Devise::RegistrationsController#new as HTML
  Rendering devise/registrations/new.html.erb within layouts/application
  Rendered devise/shared/_links.html.erb (3.7ms)
  Rendered devise/registrations/new.html.erb within layouts/application (39.7ms)
Completed 200 OK in 152ms (Views: 114.2ms | ActiveRecord: 1.4ms)


Started GET "/" for 127.0.0.1 at 2017-06-15 20:43:22 +0900
  [1m[36mActiveRecord::SchemaMigration Load (0.7ms)[0m  [1m[34mSELECT `schema_migrations`.* FROM `schema_migrations`[0m
Processing by MessagesController#show as HTML
  Rendering messages/show.html.erb within layouts/application
  [1m[36mMessage Load (0.6ms)[0m  [1m[34mSELECT `messages`.* FROM `messages`[0m
  Rendered messages/show.html.erb within layouts/application (12.8ms)
Completed 200 OK in 467ms (Views: 442.7ms | ActiveRecord: 2.3ms)


Started GET "/users/sign_up" for 127.0.0.1 at 2017-06-15 20:43:24 +0900
Processing by Devise::RegistrationsController#new as HTML
  Rendering devise/registrations/new.html.erb within layouts/application
  Rendered devise/shared/_links.html.erb (4.6ms)
  Rendered devise/registrations/new.html.erb within layouts/application (38.5ms)
Completed 200 OK in 111ms (Views: 76.3ms | ActiveRecord: 1.8ms)


Started POST "/users" for 127.0.0.1 at 2017-06-15 20:43:36 +0900
Processing by Devise::RegistrationsController#create as HTML
  Parameters: {"utf8"=>"âœ“", "authenticity_token"=>"K3eg/jpzU1Jz74MtOHPd3ijZnGdGd3G8Vy5cQgQPZlbZ7ctATp9OjGh9ayA+SUn+etxWs/cptpbech6HmcjOQQ==", "user"=>{"email"=>"aquaerionyusan@gmail.com", "password"=>"[FILTERED]", "password_confirmation"=>"[FILTERED]"}, "commit"=>"Sign up"}
  [1m[35m (0.2ms)[0m  [1m[35mBEGIN[0m
  [1m[36mUser Exists (2.4ms)[0m  [1m[34mSELECT  1 AS one FROM `users` WHERE `users`.`email` = BINARY 'aquaerionyusan@gmail.com' LIMIT 1[0m
  [1m[35mSQL (0.5ms)[0m  [1m[32mINSERT INTO `users` (`email`, `encrypted_password`, `confirmation_token`, `confirmation_sent_at`, `created_at`, `updated_at`) VALUES ('aquaerionyusan@gmail.com', '$2a$11$BnI5wTJA..wR5f4hyk8Q9OVHxShP.TDpUSrUaZ9u6eBYrYKaXxM6C', 'WLCysjhXdycfn-9HJsBW', '2017-06-15 11:43:36', '2017-06-15 11:43:36', '2017-06-15 11:43:36')[0m
  [1m[35m (0.7ms)[0m  [1m[35mCOMMIT[0m
  Rendering devise/mailer/confirmation_instructions.html.erb
  Rendered devise/mailer/confirmation_instructions.html.erb (1.5ms)
Devise::Mailer#confirmation_instructions: processed outbound mail in 247.8ms
Sent mail to aquaerionyusan@gmail.com (22.5ms)
Date: Thu, 15 Jun 2017 20:43:37 +0900
From: please-change-me-at-config-initializers-devise@example.com
Reply-To: please-change-me-at-config-initializers-devise@example.com
To: aquaerionyusan@gmail.com
Message-ID: <594272e94510f_7ab03ff98232146c10992@yunano-MacBook-Air-2.local.mail>
Subject: Confirmation instructions
Mime-Version: 1.0
Content-Type: text/html;
 charset=UTF-8
Content-Transfer-Encoding: 7bit

<p>Welcome aquaerionyusan@gmail.com!</p>

<p>You can confirm your account email through the link below:</p>

<p><a href="http://localhost:3000/users/confirmation?confirmation_token=WLCysjhXdycfn-9HJsBW">Confirm my account</a></p>

Redirected to http://localhost:3000/
Completed 302 Found in 1209ms (ActiveRecord: 3.8ms)


Started GET "/" for 127.0.0.1 at 2017-06-15 20:43:37 +0900
Processing by MessagesController#show as HTML
  Rendering messages/show.html.erb within layouts/application
  [1m[36mMessage Load (0.4ms)[0m  [1m[34mSELECT `messages`.* FROM `messages`[0m
  Rendered messages/show.html.erb within layouts/application (2.9ms)
Completed 200 OK in 102ms (Views: 97.6ms | ActiveRecord: 0.4ms)


Started GET "/users/confirmation?confirmation_token=WLCysjhXdycfn-9HJsBW" for 127.0.0.1 at 2017-06-15 20:43:39 +0900
Processing by Devise::ConfirmationsController#show as HTML
  Parameters: {"confirmation_token"=>"WLCysjhXdycfn-9HJsBW"}
  [1m[36mUser Load (0.5ms)[0m  [1m[34mSELECT  `users`.* FROM `users` WHERE `users`.`confirmation_token` = 'WLCysjhXdycfn-9HJsBW' ORDER BY `users`.`id` ASC LIMIT 1[0m
  [1m[35m (0.2ms)[0m  [1m[35mBEGIN[0m
  [1m[35mSQL (1.7ms)[0m  [1m[33mUPDATE `users` SET `confirmed_at` = '2017-06-15 11:43:39', `updated_at` = '2017-06-15 11:43:39' WHERE `users`.`id` = 1[0m
  [1m[35m (1.3ms)[0m  [1m[35mCOMMIT[0m
Redirected to http://localhost:3000/users/sign_in
Completed 302 Found in 16ms (ActiveRecord: 3.6ms)


Started GET "/users/sign_in" for 127.0.0.1 at 2017-06-15 20:43:39 +0900
Processing by Devise::SessionsController#new as HTML
  Rendering devise/sessions/new.html.erb within layouts/application
  Rendered devise/shared/_links.html.erb (2.6ms)
  Rendered devise/sessions/new.html.erb within layouts/application (14.0ms)
Completed 200 OK in 58ms (Views: 55.4ms | ActiveRecord: 0.0ms)


Started GET "/users/sign_up" for 127.0.0.1 at 2017-06-15 20:43:46 +0900
Processing by Devise::RegistrationsController#new as HTML
  Rendering devise/registrations/new.html.erb within layouts/application
  Rendered devise/shared/_links.html.erb (2.1ms)
  Rendered devise/registrations/new.html.erb within layouts/application (9.3ms)
Completed 200 OK in 62ms (Views: 59.4ms | ActiveRecord: 0.0ms)


Started GET "/users/sign_in" for 127.0.0.1 at 2017-06-15 20:43:47 +0900
Processing by Devise::SessionsController#new as HTML
  Rendering devise/sessions/new.html.erb within layouts/application
  Rendered devise/shared/_links.html.erb (1.8ms)
  Rendered devise/sessions/new.html.erb within layouts/application (8.3ms)
Completed 200 OK in 65ms (Views: 63.5ms | ActiveRecord: 0.0ms)


Started POST "/users/sign_in" for 127.0.0.1 at 2017-06-15 20:43:54 +0900
Processing by Devise::SessionsController#create as HTML
  Parameters: {"utf8"=>"âœ“", "authenticity_token"=>"LhtILTE1CA+eTpG9mbcbVxFtORmPO9VjWU0hlyFXsJenLSbraA7K1emVVHbbV1lMmx4blruEGGJLuFJKO/gYXQ==", "user"=>{"email"=>"aquaerionyusan@gmail.com", "password"=>"[FILTERED]", "remember_me"=>"0"}, "commit"=>"Log in"}
  [1m[36mUser Load (0.4ms)[0m  [1m[34mSELECT  `users`.* FROM `users` WHERE `users`.`email` = 'aquaerionyusan@gmail.com' ORDER BY `users`.`id` ASC LIMIT 1[0m
  [1m[35m (0.2ms)[0m  [1m[35mBEGIN[0m
  [1m[35mSQL (0.5ms)[0m  [1m[33mUPDATE `users` SET `current_sign_in_at` = '2017-06-15 11:43:54', `last_sign_in_at` = '2017-06-15 11:43:54', `current_sign_in_ip` = '127.0.0.1', `last_sign_in_ip` = '127.0.0.1', `sign_in_count` = 1, `updated_at` = '2017-06-15 11:43:54' WHERE `users`.`id` = 1[0m
  [1m[35m (0.6ms)[0m  [1m[35mCOMMIT[0m
Redirected to http://localhost:3000/
Completed 302 Found in 206ms (ActiveRecord: 1.6ms)


Started GET "/" for 127.0.0.1 at 2017-06-15 20:43:54 +0900
Processing by MessagesController#show as HTML
  Rendering messages/show.html.erb within layouts/application
  [1m[36mMessage Load (1.1ms)[0m  [1m[34mSELECT `messages`.* FROM `messages`[0m
  Rendered messages/show.html.erb within layouts/application (3.3ms)
  [1m[36mUser Load (0.4ms)[0m  [1m[34mSELECT  `users`.* FROM `users` WHERE `users`.`id` = 1 ORDER BY `users`.`id` ASC LIMIT 1[0m
Completed 500 Internal Server Error in 47ms (ActiveRecord: 1.5ms)


  
ActionView::Template::Error (undefined method `username' for #<User:0x007ff30d841798>):
    11:   <body>
    12: 
    13:     <% if user_signed_in? %>
    14:       <strong><%= link_to current_user.username, pages_show_path %></strong>
    15:       <%= link_to 'ãƒ—ãƒ­ãƒ•ã‚£ãƒ¼ãƒ«å¤‰æ›´', edit_user_registration_path %>
    16:       <%= link_to 'ãƒ­ã‚°ã‚¢ã‚¦ãƒˆ', destroy_user_session_path, method: :delete %>
    17:     <% else %>
  
app/views/layouts/application.html.erb:14:in `_app_views_layouts_application_html_erb__36000136064836082_70340940142900'
  Rendering vendor/bundle/gems/actionpack-5.0.3/lib/action_dispatch/middleware/templates/rescues/template_error.html.erb within rescues/layout
  Rendering vendor/bundle/gems/actionpack-5.0.3/lib/action_dispatch/middleware/templates/rescues/_source.html.erb
  Rendered vendor/bundle/gems/actionpack-5.0.3/lib/action_dispatch/middleware/templates/rescues/_source.html.erb (8.3ms)
  Rendering vendor/bundle/gems/actionpack-5.0.3/lib/action_dispatch/middleware/templates/rescues/_trace.html.erb
  Rendered vendor/bundle/gems/actionpack-5.0.3/lib/action_dispatch/middleware/templates/rescues/_trace.html.erb (3.5ms)
  Rendering vendor/bundle/gems/actionpack-5.0.3/lib/action_dispatch/middleware/templates/rescues/_request_and_response.html.erb
  Rendered vendor/bundle/gems/actionpack-5.0.3/lib/action_dispatch/middleware/templates/rescues/_request_and_response.html.erb (1.5ms)
  Rendered vendor/bundle/gems/actionpack-5.0.3/lib/action_dispatch/middleware/templates/rescues/template_error.html.erb within rescues/layout (137.9ms)
Started GET "/" for 127.0.0.1 at 2017-06-15 20:44:28 +0900
Processing by MessagesController#show as HTML
  Rendering messages/show.html.erb within layouts/application
  [1m[36mMessage Load (0.4ms)[0m  [1m[34mSELECT `messages`.* FROM `messages`[0m
  Rendered messages/show.html.erb within layouts/application (2.2ms)
  [1m[36mUser Load (0.4ms)[0m  [1m[34mSELECT  `users`.* FROM `users` WHERE `users`.`id` = 1 ORDER BY `users`.`id` ASC LIMIT 1[0m
Completed 200 OK in 46ms (Views: 41.2ms | ActiveRecord: 0.8ms)


Started GET "/users/edit" for 127.0.0.1 at 2017-06-15 20:44:30 +0900
Processing by Devise::RegistrationsController#edit as HTML
  [1m[36mUser Load (0.7ms)[0m  [1m[34mSELECT  `users`.* FROM `users` WHERE `users`.`id` = 1 ORDER BY `users`.`id` ASC LIMIT 1[0m
  Rendering devise/registrations/edit.html.erb within layouts/application
  Rendered devise/registrations/edit.html.erb within layouts/application (8.3ms)
Completed 200 OK in 56ms (Views: 52.7ms | ActiveRecord: 0.7ms)


Started DELETE "/users/sign_out" for 127.0.0.1 at 2017-06-15 20:44:41 +0900
Processing by Devise::SessionsController#destroy as HTML
  Parameters: {"authenticity_token"=>"6t3gqY4jVTIJJq5rsQL7VTgld2XItuVciwcyheZmJTg7GHstDMs/Du7ZopUbUWla6wWjK9VjQiIP2nrE8XNHug=="}
  [1m[36mUser Load (0.4ms)[0m  [1m[34mSELECT  `users`.* FROM `users` WHERE `users`.`id` = 1 ORDER BY `users`.`id` ASC LIMIT 1[0m
  [1m[35m (0.3ms)[0m  [1m[35mBEGIN[0m
  [1m[35m (0.3ms)[0m  [1m[35mCOMMIT[0m
Redirected to http://localhost:3000/
Completed 302 Found in 7ms (ActiveRecord: 0.9ms)


Started GET "/" for 127.0.0.1 at 2017-06-15 20:44:41 +0900
Processing by MessagesController#show as HTML
  Rendering messages/show.html.erb within layouts/application
  [1m[36mMessage Load (0.4ms)[0m  [1m[34mSELECT `messages`.* FROM `messages`[0m
  Rendered messages/show.html.erb within layouts/application (2.0ms)
Completed 200 OK in 38ms (Views: 35.1ms | ActiveRecord: 0.4ms)


Started GET "/users/sign_up" for 127.0.0.1 at 2017-06-15 20:44:44 +0900
Processing by Devise::RegistrationsController#new as HTML
  Rendering devise/registrations/new.html.erb within layouts/application
  Rendered devise/shared/_links.html.erb (6.1ms)
  Rendered devise/registrations/new.html.erb within layouts/application (15.2ms)
Completed 200 OK in 58ms (Views: 55.9ms | ActiveRecord: 0.0ms)


Started GET "/users/sign_up" for 127.0.0.1 at 2017-06-15 20:44:58 +0900
Processing by Devise::RegistrationsController#new as HTML
  Rendering devise/registrations/new.html.erb within layouts/application
  Rendered devise/shared/_links.html.erb (2.6ms)
  Rendered devise/registrations/new.html.erb within layouts/application (9.6ms)
Completed 200 OK in 61ms (Views: 59.5ms | ActiveRecord: 0.0ms)


Started GET "/users/sign_in" for 127.0.0.1 at 2017-06-15 20:44:58 +0900
Processing by Devise::SessionsController#new as HTML
  Rendering devise/sessions/new.html.erb within layouts/application
  Rendered devise/shared/_links.html.erb (2.3ms)
  Rendered devise/sessions/new.html.erb within layouts/application (8.2ms)
Completed 200 OK in 62ms (Views: 58.1ms | ActiveRecord: 0.0ms)


Started POST "/users/sign_in" for 127.0.0.1 at 2017-06-15 20:45:04 +0900
Processing by Devise::SessionsController#create as HTML
  Parameters: {"utf8"=>"âœ“", "authenticity_token"=>"C5apiQZR6ZPTEZ3LIaowFU7Jv5VQqRdYDeCfHZ6/2XZQiEwXZEaqnvDVDt2AlnYEuFBTnWNp6Jkk4RPp6O4sXw==", "user"=>{"email"=>"aquaerionyusan@gmail.com", "password"=>"[FILTERED]", "remember_me"=>"0"}, "commit"=>"Log in"}
  [1m[36mUser Load (0.9ms)[0m  [1m[34mSELECT  `users`.* FROM `users` WHERE `users`.`email` = 'aquaerionyusan@gmail.com' ORDER BY `users`.`id` ASC LIMIT 1[0m
Completed 401 Unauthorized in 185ms (ActiveRecord: 0.9ms)


Processing by Devise::SessionsController#new as HTML
  Parameters: {"utf8"=>"âœ“", "authenticity_token"=>"C5apiQZR6ZPTEZ3LIaowFU7Jv5VQqRdYDeCfHZ6/2XZQiEwXZEaqnvDVDt2AlnYEuFBTnWNp6Jkk4RPp6O4sXw==", "user"=>{"email"=>"aquaerionyusan@gmail.com", "password"=>"[FILTERED]", "remember_me"=>"0"}, "commit"=>"Log in"}
  Rendering devise/sessions/new.html.erb within layouts/application
  Rendered devise/shared/_links.html.erb (2.2ms)
  Rendered devise/sessions/new.html.erb within layouts/application (8.0ms)
Completed 200 OK in 230ms (Views: 47.1ms | ActiveRecord: 0.0ms)


Started POST "/users/sign_in" for 127.0.0.1 at 2017-06-15 20:45:10 +0900
Processing by Devise::SessionsController#create as HTML
  Parameters: {"utf8"=>"âœ“", "authenticity_token"=>"QnlxsBBpvTlI+hBLXefC8Gi7jZpSXFH0UuEz+GNJqWf+V21rtQTT8kfghorkM01f8zn6xiZdaWUJwXOjekuORA==", "user"=>{"email"=>"aquaerionyusan@gmail.com", "password"=>"[FILTERED]", "remember_me"=>"0"}, "commit"=>"Log in"}
  [1m[36mUser Load (0.5ms)[0m  [1m[34mSELECT  `users`.* FROM `users` WHERE `users`.`email` = 'aquaerionyusan@gmail.com' ORDER BY `users`.`id` ASC LIMIT 1[0m
Completed 401 Unauthorized in 184ms (ActiveRecord: 0.5ms)


Processing by Devise::SessionsController#new as HTML
  Parameters: {"utf8"=>"âœ“", "authenticity_token"=>"QnlxsBBpvTlI+hBLXefC8Gi7jZpSXFH0UuEz+GNJqWf+V21rtQTT8kfghorkM01f8zn6xiZdaWUJwXOjekuORA==", "user"=>{"email"=>"aquaerionyusan@gmail.com", "password"=>"[FILTERED]", "remember_me"=>"0"}, "commit"=>"Log in"}
  Rendering devise/sessions/new.html.erb within layouts/application
  Rendered devise/shared/_links.html.erb (2.2ms)
  Rendered devise/sessions/new.html.erb within layouts/application (7.7ms)
Completed 200 OK in 229ms (Views: 40.0ms | ActiveRecord: 0.0ms)


Started POST "/users/sign_in" for 127.0.0.1 at 2017-06-15 20:45:12 +0900
Processing by Devise::SessionsController#create as HTML
  Parameters: {"utf8"=>"âœ“", "authenticity_token"=>"Y4rzoqxsUV4x+7KOYeqeX6TKZ3UqzFoHDTuYwxwlfKXfpO95CQE/lT7hJE/YPhHwP0gQKV7NYpZWG9iYBSdbhg==", "user"=>{"email"=>"aquaerionyusan@gmail.com", "password"=>"[FILTERED]", "remember_me"=>"0"}, "commit"=>"Log in"}
Completed 401 Unauthorized in 1ms (ActiveRecord: 0.0ms)


Processing by Devise::SessionsController#new as HTML
  Parameters: {"utf8"=>"âœ“", "authenticity_token"=>"Y4rzoqxsUV4x+7KOYeqeX6TKZ3UqzFoHDTuYwxwlfKXfpO95CQE/lT7hJE/YPhHwP0gQKV7NYpZWG9iYBSdbhg==", "user"=>{"email"=>"aquaerionyusan@gmail.com", "password"=>"[FILTERED]", "remember_me"=>"0"}, "commit"=>"Log in"}
  Rendering devise/sessions/new.html.erb within layouts/application
  Rendered devise/shared/_links.html.erb (1.4ms)
  Rendered devise/sessions/new.html.erb within layouts/application (6.9ms)
Completed 200 OK in 47ms (Views: 44.0ms | ActiveRecord: 0.0ms)


Started POST "/users/sign_in" for 127.0.0.1 at 2017-06-15 20:45:13 +0900
Processing by Devise::SessionsController#create as HTML
  Parameters: {"utf8"=>"âœ“", "authenticity_token"=>"Mv6lPRK1oj+C9Ty/4F57d3fnTexFHIiCEZgnXoy6YJmO0Lnmt9jM9I3vqn5ZivTY7GU6sDEdsBNKuGcFlbhHug==", "user"=>{"email"=>"aquaerionyusan@gmail.com", "password"=>"[FILTERED]", "remember_me"=>"0"}, "commit"=>"Log in"}
Completed 401 Unauthorized in 2ms (ActiveRecord: 0.0ms)


Processing by Devise::SessionsController#new as HTML
  Parameters: {"utf8"=>"âœ“", "authenticity_token"=>"Mv6lPRK1oj+C9Ty/4F57d3fnTexFHIiCEZgnXoy6YJmO0Lnmt9jM9I3vqn5ZivTY7GU6sDEdsBNKuGcFlbhHug==", "user"=>{"email"=>"aquaerionyusan@gmail.com", "password"=>"[FILTERED]", "remember_me"=>"0"}, "commit"=>"Log in"}
  Rendering devise/sessions/new.html.erb within layouts/application
  Rendered devise/shared/_links.html.erb (2.0ms)
  Rendered devise/sessions/new.html.erb within layouts/application (8.2ms)
Completed 200 OK in 43ms (Views: 41.7ms | ActiveRecord: 0.0ms)


Started POST "/users/sign_in" for 127.0.0.1 at 2017-06-15 20:45:17 +0900
Processing by Devise::SessionsController#create as HTML
  Parameters: {"utf8"=>"âœ“", "authenticity_token"=>"qi8czYeAzad3FlIJ9CGF7sGUDEmSEe16wjoc8DgwansWAQAWIu2jbHgMxMhN9QpBWhZ7FeYQ1euZGlyrITJNWA==", "user"=>{"email"=>"aquaerionyusan@gmail.com", "password"=>"[FILTERED]", "remember_me"=>"0"}, "commit"=>"Log in"}
  [1m[36mUser Load (0.5ms)[0m  [1m[34mSELECT  `users`.* FROM `users` WHERE `users`.`email` = 'aquaerionyusan@gmail.com' ORDER BY `users`.`id` ASC LIMIT 1[0m
  [1m[35m (0.2ms)[0m  [1m[35mBEGIN[0m
  [1m[35mSQL (0.5ms)[0m  [1m[33mUPDATE `users` SET `current_sign_in_at` = '2017-06-15 11:45:17', `sign_in_count` = 2, `updated_at` = '2017-06-15 11:45:17' WHERE `users`.`id` = 1[0m
  [1m[35m (1.1ms)[0m  [1m[35mCOMMIT[0m
Redirected to http://localhost:3000/
Completed 302 Found in 209ms (ActiveRecord: 2.3ms)


Started GET "/" for 127.0.0.1 at 2017-06-15 20:45:17 +0900
Processing by MessagesController#show as HTML
  Rendering messages/show.html.erb within layouts/application
  [1m[36mMessage Load (0.4ms)[0m  [1m[34mSELECT `messages`.* FROM `messages`[0m
  Rendered messages/show.html.erb within layouts/application (1.8ms)
  [1m[36mUser Load (0.4ms)[0m  [1m[34mSELECT  `users`.* FROM `users` WHERE `users`.`id` = 1 ORDER BY `users`.`id` ASC LIMIT 1[0m
Completed 200 OK in 44ms (Views: 40.9ms | ActiveRecord: 0.8ms)


Started GET "/users/edit" for 127.0.0.1 at 2017-06-15 20:45:20 +0900
Processing by Devise::RegistrationsController#edit as HTML
  [1m[36mUser Load (0.5ms)[0m  [1m[34mSELECT  `users`.* FROM `users` WHERE `users`.`id` = 1 ORDER BY `users`.`id` ASC LIMIT 1[0m
  Rendering devise/registrations/edit.html.erb within layouts/application
  Rendered devise/registrations/edit.html.erb within layouts/application (5.7ms)
Completed 200 OK in 59ms (Views: 55.0ms | ActiveRecord: 0.5ms)


  [1m[35m (0.2ms)[0m  [1m[34mSELECT DATABASE() as db[0m
  [1m[35m (0.3ms)[0m  [1m[34mSELECT GET_LOCK('1923707612125643190', 0);[0m
  [1m[36mActiveRecord::SchemaMigration Load (0.7ms)[0m  [1m[34mSELECT `schema_migrations`.* FROM `schema_migrations`[0m
Migrating to AddNamestoUser (20170615115005)
  [1m[35m (0.3ms)[0m  [1m[34mSELECT RELEASE_LOCK('1923707612125643190')[0m
  [1m[35m (0.2ms)[0m  [1m[34mSELECT DATABASE() as db[0m
  [1m[35m (0.2ms)[0m  [1m[34mSELECT GET_LOCK('1923707612125643190', 0);[0m
  [1m[36mActiveRecord::SchemaMigration Load (0.5ms)[0m  [1m[34mSELECT `schema_migrations`.* FROM `schema_migrations`[0m
Migrating to AddDetailsToUser (20170615115005)
  [1m[35m (50.4ms)[0m  [1m[35mALTER TABLE `users` ADD `name` varchar(255)[0m
  [1m[35m (40.6ms)[0m  [1m[35mALTER TABLE `users` ADD `user_id` varchar(255)[0m
  [1m[35m (0.2ms)[0m  [1m[35mBEGIN[0m
  [1m[35mSQL (0.5ms)[0m  [1m[32mINSERT INTO `schema_migrations` (`version`) VALUES ('20170615115005')[0m
  [1m[35m (0.5ms)[0m  [1m[35mCOMMIT[0m
  [1m[36mActiveRecord::InternalMetadata Load (0.5ms)[0m  [1m[34mSELECT  `ar_internal_metadata`.* FROM `ar_internal_metadata` WHERE `ar_internal_metadata`.`key` = 'environment' LIMIT 1[0m
  [1m[35m (0.1ms)[0m  [1m[35mBEGIN[0m
  [1m[35m (0.1ms)[0m  [1m[35mCOMMIT[0m
  [1m[35m (0.2ms)[0m  [1m[34mSELECT RELEASE_LOCK('1923707612125643190')[0m
  [1m[36mActiveRecord::SchemaMigration Load (0.4ms)[0m  [1m[34mSELECT `schema_migrations`.* FROM `schema_migrations`[0m
  [1m[35m (0.3ms)[0m  [1m[35mSHOW CREATE TABLE `messages`[0m
  [1m[35m (0.6ms)[0m  [1m[35mSHOW TABLE STATUS LIKE 'messages'[0m
  [1m[35m (0.2ms)[0m  [1m[35mSHOW CREATE TABLE `users`[0m
  [1m[35m (1.2ms)[0m  [1m[35mSHOW TABLE STATUS LIKE 'users'[0m
Started GET "/users/edit" for 127.0.0.1 at 2017-06-15 21:18:43 +0900
  [1m[36mActiveRecord::SchemaMigration Load (0.7ms)[0m  [1m[34mSELECT `schema_migrations`.* FROM `schema_migrations`[0m
Processing by Devise::RegistrationsController#edit as HTML
  [1m[36mUser Load (0.5ms)[0m  [1m[34mSELECT  `users`.* FROM `users` WHERE `users`.`id` = 1 ORDER BY `users`.`id` ASC LIMIT 1[0m
  [1m[35m (0.2ms)[0m  [1m[35mBEGIN[0m
  [1m[35m (0.2ms)[0m  [1m[35mCOMMIT[0m
Completed 401 Unauthorized in 83ms (ActiveRecord: 4.4ms)


Started GET "/users/edit" for 127.0.0.1 at 2017-06-15 21:18:43 +0900
Processing by Devise::RegistrationsController#edit as HTML
Completed 401 Unauthorized in 1ms (ActiveRecord: 0.0ms)


Started GET "/users/sign_in" for 127.0.0.1 at 2017-06-15 21:18:43 +0900
Processing by Devise::SessionsController#new as HTML
  Rendering devise/sessions/new.html.erb within layouts/application
  Rendered devise/shared/_links.html.erb (2.7ms)
  Rendered devise/sessions/new.html.erb within layouts/application (39.7ms)
Completed 200 OK in 449ms (Views: 443.5ms | ActiveRecord: 0.0ms)


Started POST "/users/sign_in" for 127.0.0.1 at 2017-06-15 21:18:52 +0900
Processing by Devise::SessionsController#create as HTML
  Parameters: {"utf8"=>"âœ“", "authenticity_token"=>"wy4A/zaQMybov2HiyXd5akf/WElSFXkT7Xig6DyTAsG9CuAnn8A3ErKDKx0vL+VU/wHHvXiEanl+Y4RgipTxVw==", "user"=>{"email"=>"aquaerionyusan@gmail.com", "password"=>"[FILTERED]", "remember_me"=>"0"}, "commit"=>"Log in"}
  [1m[36mUser Load (0.5ms)[0m  [1m[34mSELECT  `users`.* FROM `users` WHERE `users`.`email` = 'aquaerionyusan@gmail.com' ORDER BY `users`.`id` ASC LIMIT 1[0m
  [1m[35m (0.2ms)[0m  [1m[35mBEGIN[0m
  [1m[35mSQL (4.8ms)[0m  [1m[33mUPDATE `users` SET `current_sign_in_at` = '2017-06-15 12:18:52', `last_sign_in_at` = '2017-06-15 11:45:17', `sign_in_count` = 3, `updated_at` = '2017-06-15 12:18:52' WHERE `users`.`id` = 1[0m
  [1m[35m (1.0ms)[0m  [1m[35mCOMMIT[0m
Redirected to http://localhost:3000/users/edit
Completed 302 Found in 229ms (ActiveRecord: 6.5ms)


Started GET "/users/edit" for 127.0.0.1 at 2017-06-15 21:18:52 +0900
Processing by Devise::RegistrationsController#edit as HTML
  [1m[36mUser Load (1.0ms)[0m  [1m[34mSELECT  `users`.* FROM `users` WHERE `users`.`id` = 1 ORDER BY `users`.`id` ASC LIMIT 1[0m
  Rendering devise/registrations/edit.html.erb within layouts/application
  Rendered devise/registrations/edit.html.erb within layouts/application (6.9ms)
Completed 200 OK in 57ms (Views: 52.1ms | ActiveRecord: 1.0ms)


Started GET "/users/edit" for 127.0.0.1 at 2017-06-15 21:21:08 +0900
Processing by Devise::RegistrationsController#edit as HTML
  [1m[36mUser Load (0.5ms)[0m  [1m[34mSELECT  `users`.* FROM `users` WHERE `users`.`id` = 1 ORDER BY `users`.`id` ASC LIMIT 1[0m
  Rendering devise/registrations/edit.html.erb within layouts/application
  Rendered devise/registrations/edit.html.erb within layouts/application (8.9ms)
Completed 200 OK in 63ms (Views: 58.9ms | ActiveRecord: 0.5ms)


Started PUT "/users" for 127.0.0.1 at 2017-06-15 21:21:20 +0900
Processing by Devise::RegistrationsController#update as HTML
  Parameters: {"utf8"=>"âœ“", "authenticity_token"=>"DfiuhT166FZtPVd1pl0fgg0y6GA6tTW6JbJYc5ahzHvj85z4fGvwR4h1cRGWPLYGWIQ0ZwKuNTojSQAP1/9klw==", "user"=>{"name"=>"å²©æ‘", "user_id"=>"aaaaa", "email"=>"aquaerionyusan@gmail.com", "password"=>"[FILTERED]", "password_confirmation"=>"[FILTERED]", "current_password"=>"[FILTERED]"}, "commit"=>"Update"}
  [1m[36mUser Load (0.5ms)[0m  [1m[34mSELECT  `users`.* FROM `users` WHERE `users`.`id` = 1 ORDER BY `users`.`id` ASC LIMIT 1[0m
  [1m[36mUser Load (0.4ms)[0m  [1m[34mSELECT  `users`.* FROM `users` WHERE `users`.`id` = 1 LIMIT 1[0m
  Rendering devise/registrations/edit.html.erb within layouts/application
  Rendered devise/registrations/edit.html.erb within layouts/application (6.5ms)
Completed 200 OK in 305ms (Views: 97.1ms | ActiveRecord: 0.9ms)


Started PUT "/users" for 127.0.0.1 at 2017-06-15 21:21:25 +0900
Processing by Devise::RegistrationsController#update as HTML
  Parameters: {"utf8"=>"âœ“", "authenticity_token"=>"XjUMpB5vdIWiHUsi7ZpaCiCo2nNf2DdW2T6K+3yTplqwPj7ZX35slEdVbUbd+/OOdR4GdGfDN9bfxdKHPc0Otg==", "user"=>{"name"=>"å²©æ‘", "user_id"=>"aaaaa", "email"=>"aquaerionyusan@gmail.com", "password"=>"[FILTERED]", "password_confirmation"=>"[FILTERED]", "current_password"=>"[FILTERED]"}, "commit"=>"Update"}
  [1m[36mUser Load (0.4ms)[0m  [1m[34mSELECT  `users`.* FROM `users` WHERE `users`.`id` = 1 ORDER BY `users`.`id` ASC LIMIT 1[0m
  [1m[36mUser Load (0.4ms)[0m  [1m[34mSELECT  `users`.* FROM `users` WHERE `users`.`id` = 1 LIMIT 1[0m
  [1m[35m (0.2ms)[0m  [1m[35mBEGIN[0m
  [1m[35mSQL (1.9ms)[0m  [1m[33mUPDATE `users` SET `name` = 'å²©æ‘', `user_id` = 'aaaaa', `updated_at` = '2017-06-15 12:21:25' WHERE `users`.`id` = 1[0m
  [1m[35m (1.0ms)[0m  [1m[35mCOMMIT[0m
Redirected to http://localhost:3000/
Completed 302 Found in 199ms (ActiveRecord: 3.7ms)


Started GET "/" for 127.0.0.1 at 2017-06-15 21:21:25 +0900
Processing by MessagesController#show as HTML
  Rendering messages/show.html.erb within layouts/application
  [1m[36mMessage Load (0.5ms)[0m  [1m[34mSELECT `messages`.* FROM `messages`[0m
  Rendered messages/show.html.erb within layouts/application (15.0ms)
  [1m[36mUser Load (0.7ms)[0m  [1m[34mSELECT  `users`.* FROM `users` WHERE `users`.`id` = 1 ORDER BY `users`.`id` ASC LIMIT 1[0m
Completed 200 OK in 67ms (Views: 58.3ms | ActiveRecord: 2.9ms)


Started GET "/users/edit" for 127.0.0.1 at 2017-06-15 21:21:27 +0900
Processing by Devise::RegistrationsController#edit as HTML
  [1m[36mUser Load (0.5ms)[0m  [1m[34mSELECT  `users`.* FROM `users` WHERE `users`.`id` = 1 ORDER BY `users`.`id` ASC LIMIT 1[0m
  Rendering devise/registrations/edit.html.erb within layouts/application
  Rendered devise/registrations/edit.html.erb within layouts/application (16.9ms)
Completed 200 OK in 84ms (Views: 79.1ms | ActiveRecord: 0.5ms)


Started GET "/users/edit" for 127.0.0.1 at 2017-06-15 21:22:28 +0900
Processing by Devise::RegistrationsController#edit as HTML
  [1m[36mUser Load (2.3ms)[0m  [1m[34mSELECT  `users`.* FROM `users` WHERE `users`.`id` = 1 ORDER BY `users`.`id` ASC LIMIT 1[0m
  Rendering devise/registrations/edit.html.erb within layouts/application
  Rendered devise/registrations/edit.html.erb within layouts/application (39.7ms)
Completed 200 OK in 223ms (Views: 185.2ms | ActiveRecord: 2.3ms)


Started DELETE "/users/sign_out" for 127.0.0.1 at 2017-06-15 21:22:30 +0900
Processing by Devise::SessionsController#destroy as HTML
  Parameters: {"authenticity_token"=>"KeGcYeu5Ya7/cHdaDKai+1G8/CEIwm9DxPc0ZwlQPVTH6q4cqqh5vxo4UT48xwt/BAogJjDZb8PCDGwbSA6VuA=="}
  [1m[36mUser Load (0.7ms)[0m  [1m[34mSELECT  `users`.* FROM `users` WHERE `users`.`id` = 1 ORDER BY `users`.`id` ASC LIMIT 1[0m
  [1m[35m (0.6ms)[0m  [1m[35mBEGIN[0m
  [1m[35m (0.2ms)[0m  [1m[35mCOMMIT[0m
Redirected to http://localhost:3000/
Completed 302 Found in 13ms (ActiveRecord: 1.5ms)


Started GET "/" for 127.0.0.1 at 2017-06-15 21:22:30 +0900
Processing by MessagesController#show as HTML
  Rendering messages/show.html.erb within layouts/application
  [1m[36mMessage Load (0.8ms)[0m  [1m[34mSELECT `messages`.* FROM `messages`[0m
  Rendered messages/show.html.erb within layouts/application (2.6ms)
Completed 200 OK in 58ms (Views: 53.0ms | ActiveRecord: 0.8ms)


Started GET "/users/sign_up" for 127.0.0.1 at 2017-06-15 21:22:31 +0900
Processing by Devise::RegistrationsController#new as HTML
  Rendering devise/registrations/new.html.erb within layouts/application
  Rendered devise/shared/_links.html.erb (5.3ms)
  Rendered devise/registrations/new.html.erb within layouts/application (18.6ms)
Completed 200 OK in 102ms (Views: 97.1ms | ActiveRecord: 0.0ms)


Started POST "/users" for 127.0.0.1 at 2017-06-15 21:23:06 +0900
Processing by Devise::RegistrationsController#create as HTML
  Parameters: {"utf8"=>"âœ“", "authenticity_token"=>"+mcPzW/HESbSC75ik1lDBJHWrNImiFpbXqrNcT9P0D1M8Yvf4o4VBZA1El29qBpngEm35UEem3WiC3O7LpMZng==", "user"=>{"name"=>"yunayuna", "email"=>"yuna@email.com", "password"=>"[FILTERED]", "password_confirmation"=>"[FILTERED]"}, "commit"=>"Sign up"}
Unpermitted parameter: name
  [1m[35m (0.2ms)[0m  [1m[35mBEGIN[0m
  [1m[36mUser Exists (2.0ms)[0m  [1m[34mSELECT  1 AS one FROM `users` WHERE `users`.`email` = BINARY 'yuna@email.com' LIMIT 1[0m
  [1m[35mSQL (2.1ms)[0m  [1m[32mINSERT INTO `users` (`email`, `encrypted_password`, `confirmation_token`, `confirmation_sent_at`, `created_at`, `updated_at`) VALUES ('yuna@email.com', '$2a$11$VcdZtornZPBWgHejc0QdiOLJ2odmezaP09FHJb3BCh1PDl9969OHi', '6tG3wGbeeo7GSaGAms2C', '2017-06-15 12:23:06', '2017-06-15 12:23:06', '2017-06-15 12:23:06')[0m
  [1m[35m (1.1ms)[0m  [1m[35mCOMMIT[0m
  Rendering devise/mailer/confirmation_instructions.html.erb
  Rendered devise/mailer/confirmation_instructions.html.erb (1.2ms)
Devise::Mailer#confirmation_instructions: processed outbound mail in 241.8ms
Sent mail to yuna@email.com (23.9ms)
Date: Thu, 15 Jun 2017 21:23:07 +0900
From: please-change-me-at-config-initializers-devise@example.com
Reply-To: please-change-me-at-config-initializers-devise@example.com
To: yuna@email.com
Message-ID: <59427c2ba2183_c0753fecb54e8be41463c@yunano-MacBook-Air-2.local.mail>
Subject: Confirmation instructions
Mime-Version: 1.0
Content-Type: text/html;
 charset=UTF-8
Content-Transfer-Encoding: 7bit

<p>Welcome yuna@email.com!</p>

<p>You can confirm your account email through the link below:</p>

<p><a href="http://localhost:3000/users/confirmation?confirmation_token=6tG3wGbeeo7GSaGAms2C">Confirm my account</a></p>

Redirected to http://localhost:3000/
Completed 302 Found in 1188ms (ActiveRecord: 5.3ms)


Started GET "/" for 127.0.0.1 at 2017-06-15 21:23:07 +0900
Processing by MessagesController#show as HTML
  Rendering messages/show.html.erb within layouts/application
  [1m[36mMessage Load (0.5ms)[0m  [1m[34mSELECT `messages`.* FROM `messages`[0m
  Rendered messages/show.html.erb within layouts/application (3.0ms)
Completed 200 OK in 72ms (Views: 67.5ms | ActiveRecord: 0.5ms)


Started GET "/users/confirmation?confirmation_token=6tG3wGbeeo7GSaGAms2C" for 127.0.0.1 at 2017-06-15 21:23:09 +0900
Processing by Devise::ConfirmationsController#show as HTML
  Parameters: {"confirmation_token"=>"6tG3wGbeeo7GSaGAms2C"}
  [1m[36mUser Load (0.6ms)[0m  [1m[34mSELECT  `users`.* FROM `users` WHERE `users`.`confirmation_token` = '6tG3wGbeeo7GSaGAms2C' ORDER BY `users`.`id` ASC LIMIT 1[0m
  [1m[35m (0.2ms)[0m  [1m[35mBEGIN[0m
  [1m[35mSQL (0.6ms)[0m  [1m[33mUPDATE `users` SET `confirmed_at` = '2017-06-15 12:23:09', `updated_at` = '2017-06-15 12:23:09' WHERE `users`.`id` = 2[0m
  [1m[35m (0.6ms)[0m  [1m[35mCOMMIT[0m
Redirected to http://localhost:3000/users/sign_in
Completed 302 Found in 11ms (ActiveRecord: 1.9ms)


Started GET "/users/sign_in" for 127.0.0.1 at 2017-06-15 21:23:09 +0900
Processing by Devise::SessionsController#new as HTML
  Rendering devise/sessions/new.html.erb within layouts/application
  Rendered devise/shared/_links.html.erb (27.7ms)
  Rendered devise/sessions/new.html.erb within layouts/application (35.3ms)
Completed 200 OK in 71ms (Views: 69.2ms | ActiveRecord: 0.0ms)


Started GET "/" for 127.0.0.1 at 2017-07-11 10:17:22 +0900
  
Mysql2::Error (Can't connect to local MySQL server through socket '/tmp/mysql.sock' (2)):
  
vendor/bundle/gems/mysql2-0.4.6/lib/mysql2/client.rb:89:in `connect'
vendor/bundle/gems/mysql2-0.4.6/lib/mysql2/client.rb:89:in `initialize'
vendor/bundle/gems/activerecord-5.0.3/lib/active_record/connection_adapters/mysql2_adapter.rb:25:in `new'
vendor/bundle/gems/activerecord-5.0.3/lib/active_record/connection_adapters/mysql2_adapter.rb:25:in `mysql2_connection'
vendor/bundle/gems/activerecord-5.0.3/lib/active_record/connection_adapters/abstract/connection_pool.rb:729:in `new_connection'
vendor/bundle/gems/activerecord-5.0.3/lib/active_record/connection_adapters/abstract/connection_pool.rb:773:in `checkout_new_connection'
vendor/bundle/gems/activerecord-5.0.3/lib/active_record/connection_adapters/abstract/connection_pool.rb:752:in `try_to_checkout_new_connection'
vendor/bundle/gems/activerecord-5.0.3/lib/active_record/connection_adapters/abstract/connection_pool.rb:713:in `acquire_connection'
vendor/bundle/gems/activerecord-5.0.3/lib/active_record/connection_adapters/abstract/connection_pool.rb:490:in `checkout'
vendor/bundle/gems/activerecord-5.0.3/lib/active_record/connection_adapters/abstract/connection_pool.rb:364:in `connection'
vendor/bundle/gems/activerecord-5.0.3/lib/active_record/connection_adapters/abstract/connection_pool.rb:883:in `retrieve_connection'
vendor/bundle/gems/activerecord-5.0.3/lib/active_record/connection_handling.rb:128:in `retrieve_connection'
vendor/bundle/gems/activerecord-5.0.3/lib/active_record/connection_handling.rb:91:in `connection'
vendor/bundle/gems/activerecord-5.0.3/lib/active_record/migration.rb:559:in `connection'
vendor/bundle/gems/activerecord-5.0.3/lib/active_record/migration.rb:546:in `call'
vendor/bundle/gems/actionpack-5.0.3/lib/action_dispatch/middleware/callbacks.rb:38:in `block in call'
vendor/bundle/gems/activesupport-5.0.3/lib/active_support/callbacks.rb:97:in `__run_callbacks__'
vendor/bundle/gems/activesupport-5.0.3/lib/active_support/callbacks.rb:750:in `_run_call_callbacks'
vendor/bundle/gems/activesupport-5.0.3/lib/active_support/callbacks.rb:90:in `run_callbacks'
vendor/bundle/gems/actionpack-5.0.3/lib/action_dispatch/middleware/callbacks.rb:36:in `call'
vendor/bundle/gems/actionpack-5.0.3/lib/action_dispatch/middleware/executor.rb:12:in `call'
vendor/bundle/gems/actionpack-5.0.3/lib/action_dispatch/middleware/remote_ip.rb:79:in `call'
vendor/bundle/gems/actionpack-5.0.3/lib/action_dispatch/middleware/debug_exceptions.rb:49:in `call'
vendor/bundle/gems/web-console-3.5.1/lib/web_console/middleware.rb:135:in `call_app'
vendor/bundle/gems/web-console-3.5.1/lib/web_console/middleware.rb:28:in `block in call'
vendor/bundle/gems/web-console-3.5.1/lib/web_console/middleware.rb:18:in `catch'
vendor/bundle/gems/web-console-3.5.1/lib/web_console/middleware.rb:18:in `call'
vendor/bundle/gems/actionpack-5.0.3/lib/action_dispatch/middleware/show_exceptions.rb:31:in `call'
vendor/bundle/gems/railties-5.0.3/lib/rails/rack/logger.rb:36:in `call_app'
vendor/bundle/gems/railties-5.0.3/lib/rails/rack/logger.rb:24:in `block in call'
vendor/bundle/gems/activesupport-5.0.3/lib/active_support/tagged_logging.rb:69:in `block in tagged'
vendor/bundle/gems/activesupport-5.0.3/lib/active_support/tagged_logging.rb:26:in `tagged'
vendor/bundle/gems/activesupport-5.0.3/lib/active_support/tagged_logging.rb:69:in `tagged'
vendor/bundle/gems/railties-5.0.3/lib/rails/rack/logger.rb:24:in `call'
vendor/bundle/gems/sprockets-rails-3.2.0/lib/sprockets/rails/quiet_assets.rb:13:in `call'
vendor/bundle/gems/actionpack-5.0.3/lib/action_dispatch/middleware/request_id.rb:24:in `call'
vendor/bundle/gems/rack-2.0.3/lib/rack/method_override.rb:22:in `call'
vendor/bundle/gems/rack-2.0.3/lib/rack/runtime.rb:22:in `call'
vendor/bundle/gems/activesupport-5.0.3/lib/active_support/cache/strategy/local_cache_middleware.rb:28:in `call'
vendor/bundle/gems/actionpack-5.0.3/lib/action_dispatch/middleware/executor.rb:12:in `call'
vendor/bundle/gems/actionpack-5.0.3/lib/action_dispatch/middleware/static.rb:136:in `call'
vendor/bundle/gems/rack-2.0.3/lib/rack/sendfile.rb:111:in `call'
vendor/bundle/gems/railties-5.0.3/lib/rails/engine.rb:522:in `call'
vendor/bundle/gems/puma-3.9.1/lib/puma/configuration.rb:224:in `call'
vendor/bundle/gems/puma-3.9.1/lib/puma/server.rb:602:in `handle_request'
vendor/bundle/gems/puma-3.9.1/lib/puma/server.rb:435:in `process_client'
vendor/bundle/gems/puma-3.9.1/lib/puma/server.rb:299:in `block in run'
vendor/bundle/gems/puma-3.9.1/lib/puma/thread_pool.rb:120:in `block in spawn_thread'
  Rendering vendor/bundle/gems/actionpack-5.0.3/lib/action_dispatch/middleware/templates/rescues/diagnostics.html.erb within rescues/layout
  Rendering vendor/bundle/gems/actionpack-5.0.3/lib/action_dispatch/middleware/templates/rescues/_source.html.erb
  Rendered vendor/bundle/gems/actionpack-5.0.3/lib/action_dispatch/middleware/templates/rescues/_source.html.erb (3.2ms)
  Rendering vendor/bundle/gems/actionpack-5.0.3/lib/action_dispatch/middleware/templates/rescues/_trace.html.erb
  Rendered vendor/bundle/gems/actionpack-5.0.3/lib/action_dispatch/middleware/templates/rescues/_trace.html.erb (3.0ms)
  Rendering vendor/bundle/gems/actionpack-5.0.3/lib/action_dispatch/middleware/templates/rescues/_request_and_response.html.erb
  Rendered vendor/bundle/gems/actionpack-5.0.3/lib/action_dispatch/middleware/templates/rescues/_request_and_response.html.erb (1.5ms)
  Rendered vendor/bundle/gems/actionpack-5.0.3/lib/action_dispatch/middleware/templates/rescues/diagnostics.html.erb within rescues/layout (99.3ms)
Started GET "/" for 127.0.0.1 at 2017-07-11 10:17:54 +0900
  [1m[36mActiveRecord::SchemaMigration Load (8.3ms)[0m  [1m[34mSELECT `schema_migrations`.* FROM `schema_migrations`[0m
Processing by MessagesController#show as HTML
  Rendering messages/show.html.erb within layouts/application
  [1m[36mMessage Load (3.1ms)[0m  [1m[34mSELECT `messages`.* FROM `messages`[0m
  Rendered messages/show.html.erb within layouts/application (25.9ms)
Completed 200 OK in 1105ms (Views: 1071.4ms | ActiveRecord: 6.1ms)


Started GET "/users/sign_in" for 127.0.0.1 at 2017-07-11 10:17:59 +0900
Processing by Devise::SessionsController#new as HTML
  Rendering devise/sessions/new.html.erb within layouts/application
  Rendered devise/shared/_links.html.erb (1.4ms)
  Rendered devise/sessions/new.html.erb within layouts/application (44.0ms)
Completed 200 OK in 113ms (Views: 85.3ms | ActiveRecord: 6.0ms)


Started POST "/users/sign_in" for 127.0.0.1 at 2017-07-11 10:18:05 +0900
Processing by Devise::SessionsController#create as HTML
  Parameters: {"utf8"=>"âœ“", "authenticity_token"=>"HvdZFURmMh2fx4a06hyteV6N3NDP7BOQIrqwvANEVA8pTZcSAjwgQH7qEKj6qKzJZqnBCFTSnKV5Hxs+T31raA==", "user"=>{"email"=>"aquaerionyusan@gmail.com", "password"=>"[FILTERED]", "remember_me"=>"0"}, "commit"=>"Log in"}
  [1m[36mUser Load (1.6ms)[0m  [1m[34mSELECT  `users`.* FROM `users` WHERE `users`.`email` = 'aquaerionyusan@gmail.com' ORDER BY `users`.`id` ASC LIMIT 1[0m
Completed 401 Unauthorized in 199ms (ActiveRecord: 1.6ms)


Processing by Devise::SessionsController#new as HTML
  Parameters: {"utf8"=>"âœ“", "authenticity_token"=>"HvdZFURmMh2fx4a06hyteV6N3NDP7BOQIrqwvANEVA8pTZcSAjwgQH7qEKj6qKzJZqnBCFTSnKV5Hxs+T31raA==", "user"=>{"email"=>"aquaerionyusan@gmail.com", "password"=>"[FILTERED]", "remember_me"=>"0"}, "commit"=>"Log in"}
  Rendering devise/sessions/new.html.erb within layouts/application
  Rendered devise/shared/_links.html.erb (2.1ms)
  Rendered devise/sessions/new.html.erb within layouts/application (7.9ms)
Completed 200 OK in 240ms (Views: 48.3ms | ActiveRecord: 0.0ms)


Started GET "/users/password/new" for 127.0.0.1 at 2017-07-11 10:18:10 +0900
Processing by Devise::PasswordsController#new as HTML
  Rendering devise/passwords/new.html.erb within layouts/application
  Rendered devise/shared/_links.html.erb (2.1ms)
  Rendered devise/passwords/new.html.erb within layouts/application (6.3ms)
Completed 200 OK in 49ms (Views: 44.9ms | ActiveRecord: 0.0ms)


Started POST "/users/password" for 127.0.0.1 at 2017-07-11 10:18:13 +0900
Processing by Devise::PasswordsController#create as HTML
  Parameters: {"utf8"=>"âœ“", "authenticity_token"=>"VcE8SsjPu7ncGlQLsq2o1tmMrZI6gfdGKtdObh+gtGKb7gL+BxZg8a3zhWqi95bsp1wehZ1oGhVzsHZdT+GWrw==", "user"=>{"email"=>"aquaerionyusan@gmail.com"}, "commit"=>"Send me reset password instructions"}
  [1m[36mUser Load (0.7ms)[0m  [1m[34mSELECT  `users`.* FROM `users` WHERE `users`.`email` = 'aquaerionyusan@gmail.com' ORDER BY `users`.`id` ASC LIMIT 1[0m
  [1m[36mUser Load (1.5ms)[0m  [1m[34mSELECT  `users`.* FROM `users` WHERE `users`.`reset_password_token` = 'a3a08c955f15b9c97fb44547a23a2b791c22743f37378462d367c722aec2dafe' ORDER BY `users`.`id` ASC LIMIT 1[0m
  [1m[35m (0.6ms)[0m  [1m[35mBEGIN[0m
  [1m[35mSQL (5.1ms)[0m  [1m[33mUPDATE `users` SET `reset_password_token` = 'a3a08c955f15b9c97fb44547a23a2b791c22743f37378462d367c722aec2dafe', `reset_password_sent_at` = '2017-07-11 01:18:13', `updated_at` = '2017-07-11 01:18:13' WHERE `users`.`id` = 1[0m
  [1m[35m (0.5ms)[0m  [1m[35mCOMMIT[0m
  Rendering devise/mailer/reset_password_instructions.html.erb
  Rendered devise/mailer/reset_password_instructions.html.erb (1.1ms)
Devise::Mailer#reset_password_instructions: processed outbound mail in 188.3ms
Sent mail to aquaerionyusan@gmail.com (17.7ms)
Date: Tue, 11 Jul 2017 10:18:14 +0900
From: please-change-me-at-config-initializers-devise@example.com
Reply-To: please-change-me-at-config-initializers-devise@example.com
To: aquaerionyusan@gmail.com
Message-ID: <5964275632dd6_bf73fe6225c0f8823810@yunano-MacBook-Air-2.local.mail>
Subject: Reset password instructions
Mime-Version: 1.0
Content-Type: text/html;
 charset=UTF-8
Content-Transfer-Encoding: 7bit

<p>Hello aquaerionyusan@gmail.com!</p>

<p>Someone has requested a link to change your password. You can do this through the link below.</p>

<p><a href="http://localhost:3000/users/password/edit?reset_password_token=x5V7AZ6kqGMgh1Vd-LyZ">Change my password</a></p>

<p>If you didn't request this, please ignore this email.</p>
<p>Your password won't change until you access the link above and create a new one.</p>

Redirected to http://localhost:3000/users/sign_in
Completed 302 Found in 1032ms (ActiveRecord: 8.4ms)


Started GET "/users/sign_in" for 127.0.0.1 at 2017-07-11 10:18:14 +0900
Processing by Devise::SessionsController#new as HTML
  Rendering devise/sessions/new.html.erb within layouts/application
  Rendered devise/shared/_links.html.erb (2.3ms)
  Rendered devise/sessions/new.html.erb within layouts/application (9.0ms)
Completed 200 OK in 56ms (Views: 52.1ms | ActiveRecord: 0.0ms)


Started GET "/users/password/edit?reset_password_token=[FILTERED]" for 127.0.0.1 at 2017-07-11 10:18:15 +0900
Processing by Devise::PasswordsController#edit as HTML
  Parameters: {"reset_password_token"=>"[FILTERED]"}
  Rendering devise/passwords/edit.html.erb within layouts/application
  Rendered devise/shared/_links.html.erb (1.2ms)
  Rendered devise/passwords/edit.html.erb within layouts/application (6.9ms)
Completed 200 OK in 33ms (Views: 29.5ms | ActiveRecord: 0.0ms)


Started PUT "/users/password" for 127.0.0.1 at 2017-07-11 10:18:20 +0900
Processing by Devise::PasswordsController#update as HTML
  Parameters: {"utf8"=>"âœ“", "authenticity_token"=>"6N8xNcC61u9Di2Ubh6BEj0WLoHKXnOHdW6VdyeaWd8MxTHF4iISFvgiM+G6P73Y0hW0la0YjdSDf9L1PkJBZRw==", "user"=>{"reset_password_token"=>"[FILTERED]", "password"=>"[FILTERED]", "password_confirmation"=>"[FILTERED]"}, "commit"=>"Change my password"}
  [1m[36mUser Load (0.4ms)[0m  [1m[34mSELECT  `users`.* FROM `users` WHERE `users`.`reset_password_token` = 'a3a08c955f15b9c97fb44547a23a2b791c22743f37378462d367c722aec2dafe' ORDER BY `users`.`id` ASC LIMIT 1[0m
  [1m[35m (0.2ms)[0m  [1m[35mBEGIN[0m
  [1m[35mSQL (0.5ms)[0m  [1m[33mUPDATE `users` SET `reset_password_sent_at` = NULL, `encrypted_password` = '$2a$11$lvuIpQdbxUd.Viua/Z5Dau378lijKxT7tFL4cHecOstLelg4ffLUe', `reset_password_token` = NULL, `updated_at` = '2017-07-11 01:18:20' WHERE `users`.`id` = 1[0m
  [1m[35m (0.4ms)[0m  [1m[35mCOMMIT[0m
  [1m[35m (0.2ms)[0m  [1m[35mBEGIN[0m
  [1m[35mSQL (0.4ms)[0m  [1m[33mUPDATE `users` SET `sign_in_count` = 4, `current_sign_in_at` = '2017-07-11 01:18:20', `last_sign_in_at` = '2017-06-15 12:18:52' WHERE `users`.`id` = 1[0m
  [1m[35m (0.5ms)[0m  [1m[35mCOMMIT[0m
Redirected to http://localhost:3000/
Completed 302 Found in 186ms (ActiveRecord: 2.6ms)


Started GET "/" for 127.0.0.1 at 2017-07-11 10:18:20 +0900
Processing by MessagesController#show as HTML
  Rendering messages/show.html.erb within layouts/application
  [1m[36mMessage Load (0.3ms)[0m  [1m[34mSELECT `messages`.* FROM `messages`[0m
  Rendered messages/show.html.erb within layouts/application (1.5ms)
  [1m[36mUser Load (0.4ms)[0m  [1m[34mSELECT  `users`.* FROM `users` WHERE `users`.`id` = 1 ORDER BY `users`.`id` ASC LIMIT 1[0m
Completed 200 OK in 22ms (Views: 19.7ms | ActiveRecord: 0.7ms)


Started DELETE "/users/sign_out" for 127.0.0.1 at 2017-07-11 10:18:26 +0900
Processing by Devise::SessionsController#destroy as HTML
  Parameters: {"authenticity_token"=>"Lho/ozzBqQ/tAuuFvpvblo57RAss6TKCxTXfIA0J67b3iX/udP/6XqYFdvC21OktTp3BEv1Wpn9BZD+mew/FMg=="}
  [1m[36mUser Load (0.4ms)[0m  [1m[34mSELECT  `users`.* FROM `users` WHERE `users`.`id` = 1 ORDER BY `users`.`id` ASC LIMIT 1[0m
  [1m[35m (0.2ms)[0m  [1m[35mBEGIN[0m
  [1m[35m (0.2ms)[0m  [1m[35mCOMMIT[0m
Redirected to http://localhost:3000/
Completed 302 Found in 5ms (ActiveRecord: 0.7ms)


Started GET "/" for 127.0.0.1 at 2017-07-11 10:18:26 +0900
Processing by MessagesController#show as HTML
  Rendering messages/show.html.erb within layouts/application
  [1m[36mMessage Load (0.4ms)[0m  [1m[34mSELECT `messages`.* FROM `messages`[0m
  Rendered messages/show.html.erb within layouts/application (1.5ms)
Completed 200 OK in 25ms (Views: 22.2ms | ActiveRecord: 0.4ms)


Started GET "/users/sign_in" for 127.0.0.1 at 2017-07-11 10:18:27 +0900
Processing by Devise::SessionsController#new as HTML
  Rendering devise/sessions/new.html.erb within layouts/application
  Rendered devise/shared/_links.html.erb (1.8ms)
  Rendered devise/sessions/new.html.erb within layouts/application (5.3ms)
Completed 200 OK in 36ms (Views: 33.9ms | ActiveRecord: 0.0ms)


Started POST "/users/sign_in" for 127.0.0.1 at 2017-07-11 10:18:31 +0900
Processing by Devise::SessionsController#create as HTML
  Parameters: {"utf8"=>"âœ“", "authenticity_token"=>"yZ9FxjjHAGS+oSQfdhe2LiDNlBzHFR+OANhlkuPxYVp7I4ivgyIUxF9VQkvNg+Ts0qoOEpNZD+Tdo8rYSHxnzQ==", "user"=>{"email"=>"aquaerionyusan@gmail.com", "password"=>"[FILTERED]", "remember_me"=>"0"}, "commit"=>"Log in"}
  [1m[36mUser Load (0.5ms)[0m  [1m[34mSELECT  `users`.* FROM `users` WHERE `users`.`email` = 'aquaerionyusan@gmail.com' ORDER BY `users`.`id` ASC LIMIT 1[0m
Completed 401 Unauthorized in 187ms (ActiveRecord: 0.5ms)


Processing by Devise::SessionsController#new as HTML
  Parameters: {"utf8"=>"âœ“", "authenticity_token"=>"yZ9FxjjHAGS+oSQfdhe2LiDNlBzHFR+OANhlkuPxYVp7I4ivgyIUxF9VQkvNg+Ts0qoOEpNZD+Tdo8rYSHxnzQ==", "user"=>{"email"=>"aquaerionyusan@gmail.com", "password"=>"[FILTERED]", "remember_me"=>"0"}, "commit"=>"Log in"}
  Rendering devise/sessions/new.html.erb within layouts/application
  Rendered devise/shared/_links.html.erb (1.3ms)
  Rendered devise/sessions/new.html.erb within layouts/application (5.2ms)
Completed 200 OK in 209ms (Views: 24.1ms | ActiveRecord: 0.0ms)


Started POST "/users/sign_in" for 127.0.0.1 at 2017-07-11 10:18:36 +0900
Processing by Devise::SessionsController#create as HTML
  Parameters: {"utf8"=>"âœ“", "authenticity_token"=>"Sh5SbBRBuvToEXkHOseyCu5FzKVVi1YPyUH5Cpnldfw7zd7ja/DIT+ojTYVBx1TUl5SXoyDuZQy4r2/8niqLmg==", "user"=>{"email"=>"aquaerionyusan@gmail.com", "password"=>"[FILTERED]", "remember_me"=>"0"}, "commit"=>"Log in"}
  [1m[36mUser Load (0.4ms)[0m  [1m[34mSELECT  `users`.* FROM `users` WHERE `users`.`email` = 'aquaerionyusan@gmail.com' ORDER BY `users`.`id` ASC LIMIT 1[0m
  [1m[35m (0.2ms)[0m  [1m[35mBEGIN[0m
  [1m[35mSQL (0.4ms)[0m  [1m[33mUPDATE `users` SET `current_sign_in_at` = '2017-07-11 01:18:36', `last_sign_in_at` = '2017-07-11 01:18:20', `sign_in_count` = 5, `updated_at` = '2017-07-11 01:18:36' WHERE `users`.`id` = 1[0m
  [1m[35m (1.1ms)[0m  [1m[35mCOMMIT[0m
Redirected to http://localhost:3000/
Completed 302 Found in 197ms (ActiveRecord: 2.1ms)


Started GET "/" for 127.0.0.1 at 2017-07-11 10:18:36 +0900
Processing by MessagesController#show as HTML
  Rendering messages/show.html.erb within layouts/application
  [1m[36mMessage Load (0.4ms)[0m  [1m[34mSELECT `messages`.* FROM `messages`[0m
  Rendered messages/show.html.erb within layouts/application (1.5ms)
  [1m[36mUser Load (0.4ms)[0m  [1m[34mSELECT  `users`.* FROM `users` WHERE `users`.`id` = 1 ORDER BY `users`.`id` ASC LIMIT 1[0m
Completed 200 OK in 23ms (Views: 20.2ms | ActiveRecord: 0.7ms)


Started GET "/users/edit" for 127.0.0.1 at 2017-07-11 10:18:39 +0900
Processing by Devise::RegistrationsController#edit as HTML
  [1m[36mUser Load (0.5ms)[0m  [1m[34mSELECT  `users`.* FROM `users` WHERE `users`.`id` = 1 ORDER BY `users`.`id` ASC LIMIT 1[0m
  Rendering devise/registrations/edit.html.erb within layouts/application
  Rendered devise/registrations/edit.html.erb within layouts/application (6.1ms)
Completed 200 OK in 48ms (Views: 29.5ms | ActiveRecord: 0.5ms)


Started GET "/" for 127.0.0.1 at 2017-07-11 10:18:56 +0900
Processing by MessagesController#show as HTML
  Rendering messages/show.html.erb within layouts/application
  [1m[36mMessage Load (0.7ms)[0m  [1m[34mSELECT `messages`.* FROM `messages`[0m
  Rendered messages/show.html.erb within layouts/application (2.7ms)
  [1m[36mUser Load (0.4ms)[0m  [1m[34mSELECT  `users`.* FROM `users` WHERE `users`.`id` = 1 ORDER BY `users`.`id` ASC LIMIT 1[0m
Completed 200 OK in 36ms (Views: 30.4ms | ActiveRecord: 1.1ms)


Started DELETE "/users/sign_out" for 127.0.0.1 at 2017-07-11 10:36:19 +0900
Processing by Devise::SessionsController#destroy as HTML
  Parameters: {"authenticity_token"=>"oylPgqF12flZz3LF+oJ+/9+IjZAZaI2C7BViDNmlD2saUbpTW/KiD+Mc+Wg8hxrpXVgM2s9pwgtIGawRUh7r1A=="}
  [1m[36mUser Load (0.4ms)[0m  [1m[34mSELECT  `users`.* FROM `users` WHERE `users`.`id` = 1 ORDER BY `users`.`id` ASC LIMIT 1[0m
  [1m[35m (0.1ms)[0m  [1m[35mBEGIN[0m
  [1m[35m (0.2ms)[0m  [1m[35mCOMMIT[0m
Redirected to http://localhost:3000/
Completed 302 Found in 5ms (ActiveRecord: 0.7ms)


Started GET "/" for 127.0.0.1 at 2017-07-11 10:36:19 +0900
Processing by MessagesController#show as HTML
  Rendering messages/show.html.erb within layouts/application
  [1m[36mMessage Load (0.3ms)[0m  [1m[34mSELECT `messages`.* FROM `messages`[0m
  Rendered messages/show.html.erb within layouts/application (1.6ms)
Completed 200 OK in 25ms (Views: 23.1ms | ActiveRecord: 0.3ms)


Started GET "/" for 127.0.0.1 at 2017-07-11 10:38:22 +0900
Processing by MessagesController#show as HTML
  Rendering messages/show.html.erb within layouts/application
  [1m[36mMessage Load (0.3ms)[0m  [1m[34mSELECT `messages`.* FROM `messages`[0m
  Rendered messages/show.html.erb within layouts/application (1.6ms)
Completed 200 OK in 37ms (Views: 34.5ms | ActiveRecord: 0.3ms)


